#
# A fatal error has been detected by the Java Runtime Environment:
#
#  SIGFPE (0x8) at pc=0x00000001125fa8c8, pid=792, tid=0x0000000000008c03
#
# JRE version: Java(TM) SE Runtime Environment (8.0_281-b09) (build 1.8.0_281-b09)
# Java VM: Java HotSpot(TM) 64-Bit Server VM (25.281-b09 mixed mode bsd-amd64 compressed oops)
# Problematic frame:
# j  se.atg.service.harrykart.service.HarryKartService2.lambda$null$2(Lse/atg/service/harrykart/model/LaneType;Lse/atg/service/harrykart/models/HorseInRace;)V+19
#
# Failed to write core dump. Core dumps have been disabled. To enable core dumping, try "ulimit -c unlimited" before starting Java again
#
# If you would like to submit a bug report, please visit:
#   http://bugreport.java.com/bugreport/crash.jsp
#

---------------  T H R E A D  ---------------

Current thread (0x00007fd46a2ca000):  JavaThread "http-nio-8080-exec-2" daemon [_thread_in_Java, id=35843, stack(0x000000030e4fa000,0x000000030e5fa000)]

siginfo: si_signo: 8 (SIGFPE), si_code: 5 (FPE_FLTINV), si_addr: 0x00000001125fa8c8

Registers:
RAX=0x00000000000003e8, RBX=0x000000000000006c, RCX=0x0000000000000000, RDX=0x0000000000000000
RSP=0x000000030e5f7648, RBP=0x000000030e5f7690, RSI=0x000000030e5f75e8, RDI=0x00007fd46a2ca000
R8 =0x000000012f1327f8, R9 =0x0000000000000000, R10=0x0000000110f30c70, R11=0x0000000000000000
R12=0x0000000000000000, R13=0x000000012e7315be, R14=0x000000030e5f76a8, R15=0x00007fd46a2ca000
RIP=0x00000001125fa8c8, EFLAGS=0x0000000000000a87, ERR=0x0000000000000000
  TRAPNO=0x0000000000000000

Top of Stack: (sp=0x000000030e5f7648)
0x000000030e5f7648:   000000077100b788 000000030e5f7650
0x000000030e5f7658:   000000012e7315bb 000000030e5f76a8
0x000000030e5f7668:   000000012f132098 0000000000000000
0x000000030e5f7678:   000000012e731608 0000000000000000
0x000000030e5f7688:   000000030e5f76a0 000000030e5f76f0
0x000000030e5f7698:   00000001125e62bd 000000077100b788
0x000000030e5f76a8:   0000000770f45918 000000030e5f76b0
0x000000030e5f76b8:   000000012fa02760 000000030e5f7708
0x000000030e5f76c8:   000000012f608c28 0000000000000000
0x000000030e5f76d8:   000000012fa02770 000000030e5f76a0
0x000000030e5f76e8:   000000030e5f7700 000000030e5f7750
0x000000030e5f76f8:   00000001125e6302 000000077100b788
0x000000030e5f7708:   0000000771019220 000000030e5f7710
0x000000030e5f7718:   000000012afc82bf 000000030e5f7788
0x000000030e5f7728:   000000012afc88f8 0000000000000000
0x000000030e5f7738:   000000012afc82f0 000000030e5f7700
0x000000030e5f7748:   000000030e5f7780 000000030e5f77d0
0x000000030e5f7758:   00000001125e6302 0000000000000000
0x000000030e5f7768:   0000000000000004 000000077100b7c0
0x000000030e5f7778:   0000000000000004 0000000771019220
0x000000030e5f7788:   000000077100b730 000000030e5f7790
0x000000030e5f7798:   000000012e7314ef 000000030e5f77e8
0x000000030e5f77a8:   000000012f132098 0000000000000000
0x000000030e5f77b8:   000000012e731520 000000030e5f7780
0x000000030e5f77c8:   000000030e5f77e0 000000030e5f7830
0x000000030e5f77d8:   00000001125e62bd 0000000770f45918
0x000000030e5f77e8:   000000077100b730 000000030e5f77f0
0x000000030e5f77f8:   000000012fa02360 000000030e5f7848
0x000000030e5f7808:   000000012f609c28 0000000000000000
0x000000030e5f7818:   000000012fa02370 000000030e5f77e0
0x000000030e5f7828:   000000030e5f7840 000000030e5f7890
0x000000030e5f7838:   00000001125e6302 0000000770f45918 

Instructions: (pc=0x00000001125fa8c8)
0x00000001125fa8a8:   c8 8b 04 24 48 83 c4 08 81 f8 00 00 00 80 0f 85
0x00000001125fa8b8:   0b 00 00 00 33 d2 83 f9 ff 0f 84 03 00 00 00 99
0x00000001125fa8c8:   f7 f9 41 0f b6 5d 01 49 ff c5 49 ba 70 0c f3 10
0x00000001125fa8d8:   01 00 00 00 41 ff 24 da 80 00 00 00 00 00 00 00 

Register to memory mapping:

RAX=0x00000000000003e8 is an unknown value
RBX=0x000000000000006c is an unknown value
RCX=0x0000000000000000 is an unknown value
RDX=0x0000000000000000 is an unknown value
RSP=0x000000030e5f7648 is pointing into the stack for thread: 0x00007fd46a2ca000
RBP=0x000000030e5f7690 is pointing into the stack for thread: 0x00007fd46a2ca000
RSI=0x000000030e5f75e8 is pointing into the stack for thread: 0x00007fd46a2ca000
RDI=0x00007fd46a2ca000 is a thread
R8 =0x000000012f1327f8 is pointing into metadata
R9 =0x0000000000000000 is an unknown value
R10=0x0000000110f30c70: _ZN19TemplateInterpreter13_active_tableE+0x2000 in /Library/Java/JavaVirtualMachines/jdk1.8.0_281.jdk/Contents/Home/jre/lib/server/libjvm.dylib at 0x0000000110800000
R11=0x0000000000000000 is an unknown value
R12=0x0000000000000000 is an unknown value
R13=0x000000012e7315be is pointing into metadata
R14=0x000000030e5f76a8 is pointing into the stack for thread: 0x00007fd46a2ca000
R15=0x00007fd46a2ca000 is a thread


Stack: [0x000000030e4fa000,0x000000030e5fa000],  sp=0x000000030e5f7648,  free space=1013k
Native frames: (J=compiled Java code, j=interpreted, Vv=VM code, C=native code)
j  se.atg.service.harrykart.service.HarryKartService2.lambda$null$2(Lse/atg/service/harrykart/model/LaneType;Lse/atg/service/harrykart/models/HorseInRace;)V+19
j  se.atg.service.harrykart.service.HarryKartService2$$Lambda$565.accept(Ljava/lang/Object;)V+8
j  java.util.ArrayList.forEach(Ljava/util/function/Consumer;)V+47
j  se.atg.service.harrykart.service.HarryKartService2.lambda$startRacing$3(Ljava/util/List;Lse/atg/service/harrykart/model/LaneType;)V+7
j  se.atg.service.harrykart.service.HarryKartService2$$Lambda$564.accept(Ljava/lang/Object;)V+8
j  java.util.ArrayList.forEach(Ljava/util/function/Consumer;)V+47
j  se.atg.service.harrykart.service.HarryKartService2.startRacing(Lse/atg/service/harrykart/model/HarryKartType;Ljava/util/List;Ljava/util/List;II)Ljava/util/List;+46
j  se.atg.service.harrykart.service.HarryKartService2.play(Lse/atg/service/harrykart/model/HarryKartType;)Lse/atg/service/harrykart/model/ResultResponseType;+29
j  se.atg.service.harrykart.rest.HarryKartController.playHarryKart(Lse/atg/service/harrykart/model/HarryKartType;)Lse/atg/service/harrykart/model/ResultResponseType;+5
v  ~StubRoutines::call_stub
V  [libjvm.dylib+0x2d5599]
V  [libjvm.dylib+0x4db2ab]
V  [libjvm.dylib+0x4dbf7a]
V  [libjvm.dylib+0x3471e9]
J 1765  sun.reflect.NativeMethodAccessorImpl.invoke0(Ljava/lang/reflect/Method;Ljava/lang/Object;[Ljava/lang/Object;)Ljava/lang/Object; (0 bytes) @ 0x000000011299d86d [0x000000011299d780+0xed]
J 1764 C1 sun.reflect.NativeMethodAccessorImpl.invoke(Ljava/lang/Object;[Ljava/lang/Object;)Ljava/lang/Object; (104 bytes) @ 0x000000011299df4c [0x000000011299dba0+0x3ac]
J 1766 C1 sun.reflect.DelegatingMethodAccessorImpl.invoke(Ljava/lang/Object;[Ljava/lang/Object;)Ljava/lang/Object; (10 bytes) @ 0x000000011299e7c4 [0x000000011299e780+0x44]
J 1644 C1 java.lang.reflect.Method.invoke(Ljava/lang/Object;[Ljava/lang/Object;)Ljava/lang/Object; (62 bytes) @ 0x0000000112953764 [0x0000000112953660+0x104]
j  org.springframework.web.method.support.InvocableHandlerMethod.doInvoke([Ljava/lang/Object;)Ljava/lang/Object;+32
j  org.springframework.web.method.support.InvocableHandlerMethod.invokeForRequest(Lorg/springframework/web/context/request/NativeWebRequest;Lorg/springframework/web/method/support/ModelAndViewContainer;[Ljava/lang/Object;)Ljava/lang/Object;+54
j  org.springframework.web.servlet.mvc.method.annotation.ServletInvocableHandlerMethod.invokeAndHandle(Lorg/springframework/web/context/request/ServletWebRequest;Lorg/springframework/web/method/support/ModelAndViewContainer;[Ljava/lang/Object;)V+4
j  org.springframework.web.servlet.mvc.method.annotation.RequestMappingHandlerAdapter.invokeHandlerMethod(Ljavax/servlet/http/HttpServletRequest;Ljavax/servlet/http/HttpServletResponse;Lorg/springframework/web/method/HandlerMethod;)Lorg/springframework/web/servlet/ModelAndView;+244
j  org.springframework.web.servlet.mvc.method.annotation.RequestMappingHandlerAdapter.handleInternal(Ljavax/servlet/http/HttpServletRequest;Ljavax/servlet/http/HttpServletResponse;Lorg/springframework/web/method/HandlerMethod;)Lorg/springframework/web/servlet/ModelAndView;+81
j  org.springframework.web.servlet.mvc.method.AbstractHandlerMethodAdapter.handle(Ljavax/servlet/http/HttpServletRequest;Ljavax/servlet/http/HttpServletResponse;Ljava/lang/Object;)Lorg/springframework/web/servlet/ModelAndView;+7
j  org.springframework.web.servlet.DispatcherServlet.doDispatch(Ljavax/servlet/http/HttpServletRequest;Ljavax/servlet/http/HttpServletResponse;)V+257
j  org.springframework.web.servlet.DispatcherServlet.doService(Ljavax/servlet/http/HttpServletRequest;Ljavax/servlet/http/HttpServletResponse;)V+241
j  org.springframework.web.servlet.FrameworkServlet.processRequest(Ljavax/servlet/http/HttpServletRequest;Ljavax/servlet/http/HttpServletResponse;)V+71
j  org.springframework.web.servlet.FrameworkServlet.doPost(Ljavax/servlet/http/HttpServletRequest;Ljavax/servlet/http/HttpServletResponse;)V+3
j  javax.servlet.http.HttpServlet.service(Ljavax/servlet/http/HttpServletRequest;Ljavax/servlet/http/HttpServletResponse;)V+149
j  org.springframework.web.servlet.FrameworkServlet.service(Ljavax/servlet/http/HttpServletRequest;Ljavax/servlet/http/HttpServletResponse;)V+33
j  javax.servlet.http.HttpServlet.service(Ljavax/servlet/ServletRequest;Ljavax/servlet/ServletResponse;)V+36
j  org.apache.catalina.core.ApplicationFilterChain.internalDoFilter(Ljavax/servlet/ServletRequest;Ljavax/servlet/ServletResponse;)V+304
j  org.apache.catalina.core.ApplicationFilterChain.doFilter(Ljavax/servlet/ServletRequest;Ljavax/servlet/ServletResponse;)V+99
j  org.apache.tomcat.websocket.server.WsFilter.doFilter(Ljavax/servlet/ServletRequest;Ljavax/servlet/ServletResponse;Ljavax/servlet/FilterChain;)V+21
j  org.apache.catalina.core.ApplicationFilterChain.internalDoFilter(Ljavax/servlet/ServletRequest;Ljavax/servlet/ServletResponse;)V+135
j  org.apache.catalina.core.ApplicationFilterChain.doFilter(Ljavax/servlet/ServletRequest;Ljavax/servlet/ServletResponse;)V+99
j  org.springframework.web.filter.RequestContextFilter.doFilterInternal(Ljavax/servlet/http/HttpServletRequest;Ljavax/servlet/http/HttpServletResponse;Ljavax/servlet/FilterChain;)V+21
j  org.springframework.web.filter.OncePerRequestFilter.doFilter(Ljavax/servlet/ServletRequest;Ljavax/servlet/ServletResponse;Ljavax/servlet/FilterChain;)V+147
j  org.apache.catalina.core.ApplicationFilterChain.internalDoFilter(Ljavax/servlet/ServletRequest;Ljavax/servlet/ServletResponse;)V+135
j  org.apache.catalina.core.ApplicationFilterChain.doFilter(Ljavax/servlet/ServletRequest;Ljavax/servlet/ServletResponse;)V+99
j  org.springframework.web.filter.FormContentFilter.doFilterInternal(Ljavax/servlet/http/HttpServletRequest;Ljavax/servlet/http/HttpServletResponse;Ljavax/servlet/FilterChain;)V+38
j  org.springframework.web.filter.OncePerRequestFilter.doFilter(Ljavax/servlet/ServletRequest;Ljavax/servlet/ServletResponse;Ljavax/servlet/FilterChain;)V+147
j  org.apache.catalina.core.ApplicationFilterChain.internalDoFilter(Ljavax/servlet/ServletRequest;Ljavax/servlet/ServletResponse;)V+135
j  org.apache.catalina.core.ApplicationFilterChain.doFilter(Ljavax/servlet/ServletRequest;Ljavax/servlet/ServletResponse;)V+99
j  org.springframework.web.filter.CharacterEncodingFilter.doFilterInternal(Ljavax/servlet/http/HttpServletRequest;Ljavax/servlet/http/HttpServletResponse;Ljavax/servlet/FilterChain;)V+53
j  org.springframework.web.filter.OncePerRequestFilter.doFilter(Ljavax/servlet/ServletRequest;Ljavax/servlet/ServletResponse;Ljavax/servlet/FilterChain;)V+147
j  org.apache.catalina.core.ApplicationFilterChain.internalDoFilter(Ljavax/servlet/ServletRequest;Ljavax/servlet/ServletResponse;)V+135
j  org.apache.catalina.core.ApplicationFilterChain.doFilter(Ljavax/servlet/ServletRequest;Ljavax/servlet/ServletResponse;)V+99
j  org.apache.catalina.core.StandardWrapperValve.invoke(Lorg/apache/catalina/connector/Request;Lorg/apache/catalina/connector/Response;)V+694
j  org.apache.catalina.core.StandardContextValve.invoke(Lorg/apache/catalina/connector/Request;Lorg/apache/catalina/connector/Response;)V+169
j  org.apache.catalina.authenticator.AuthenticatorBase.invoke(Lorg/apache/catalina/connector/Request;Lorg/apache/catalina/connector/Response;)V+260
j  org.apache.catalina.core.StandardHostValve.invoke(Lorg/apache/catalina/connector/Request;Lorg/apache/catalina/connector/Response;)V+128
j  org.apache.catalina.valves.ErrorReportValve.invoke(Lorg/apache/catalina/connector/Request;Lorg/apache/catalina/connector/Response;)V+6
j  org.apache.catalina.core.StandardEngineValve.invoke(Lorg/apache/catalina/connector/Request;Lorg/apache/catalina/connector/Response;)V+59
j  org.apache.catalina.connector.CoyoteAdapter.service(Lorg/apache/coyote/Request;Lorg/apache/coyote/Response;)V+199
j  org.apache.coyote.http11.Http11Processor.service(Lorg/apache/tomcat/util/net/SocketWrapperBase;)Lorg/apache/tomcat/util/net/AbstractEndpoint$Handler$SocketState;+737
j  org.apache.coyote.AbstractProcessorLight.process(Lorg/apache/tomcat/util/net/SocketWrapperBase;Lorg/apache/tomcat/util/net/SocketEvent;)Lorg/apache/tomcat/util/net/AbstractEndpoint$Handler$SocketState;+170
j  org.apache.coyote.AbstractProtocol$ConnectionHandler.process(Lorg/apache/tomcat/util/net/SocketWrapperBase;Lorg/apache/tomcat/util/net/SocketEvent;)Lorg/apache/tomcat/util/net/AbstractEndpoint$Handler$SocketState;+505
j  org.apache.tomcat.util.net.NioEndpoint$SocketProcessor.doRun()V+216
j  org.apache.tomcat.util.net.SocketProcessorBase.run()V+21
j  java.util.concurrent.ThreadPoolExecutor.runWorker(Ljava/util/concurrent/ThreadPoolExecutor$Worker;)V+95
j  java.util.concurrent.ThreadPoolExecutor$Worker.run()V+5
j  org.apache.tomcat.util.threads.TaskThread$WrappingRunnable.run()V+4
j  java.lang.Thread.run()V+11
v  ~StubRoutines::call_stub
V  [libjvm.dylib+0x2d5599]
V  [libjvm.dylib+0x2d4264]
V  [libjvm.dylib+0x2d447f]
V  [libjvm.dylib+0x342b21]
V  [libjvm.dylib+0x5653f2]
V  [libjvm.dylib+0x5652b7]
V  [libjvm.dylib+0x490329]
C  [libsystem_pthread.dylib+0x6950]  _pthread_start+0xe0
C  [libsystem_pthread.dylib+0x247b]  thread_start+0xf
C  0x0000000000000000


---------------  P R O C E S S  ---------------

Java Threads: ( => current thread )
  0x00007fd4698d4800 JavaThread "RMI TCP Connection(3)-192.168.0.54" daemon [_thread_in_native, id=14607, stack(0x000000030f01b000,0x000000030f11b000)]
  0x00007fd46b0c7800 JavaThread "RMI TCP Connection(idle)" daemon [_thread_blocked, id=86535, stack(0x000000030f11e000,0x000000030f21e000)]
  0x00007fd46a2d6800 JavaThread "DestroyJavaVM" [_thread_blocked, id=9219, stack(0x000000030c692000,0x000000030c792000)]
  0x00007fd46a2d1000 JavaThread "http-nio-8080-Acceptor" daemon [_thread_in_native, id=33283, stack(0x000000030ef18000,0x000000030f018000)]
  0x00007fd4699cd800 JavaThread "http-nio-8080-ClientPoller" daemon [_thread_in_native, id=32003, stack(0x000000030ee15000,0x000000030ef15000)]
  0x00007fd46a2c0000 JavaThread "http-nio-8080-exec-10" daemon [_thread_blocked, id=33795, stack(0x000000030ed12000,0x000000030ee12000)]
  0x00007fd4699d3000 JavaThread "http-nio-8080-exec-9" daemon [_thread_blocked, id=34051, stack(0x000000030ec0f000,0x000000030ed0f000)]
  0x00007fd4699d2800 JavaThread "http-nio-8080-exec-8" daemon [_thread_blocked, id=30979, stack(0x000000030eb0c000,0x000000030ec0c000)]
  0x00007fd46a8bf000 JavaThread "http-nio-8080-exec-7" daemon [_thread_blocked, id=34307, stack(0x000000030ea09000,0x000000030eb09000)]
  0x00007fd469a07800 JavaThread "http-nio-8080-exec-6" daemon [_thread_blocked, id=34563, stack(0x000000030e906000,0x000000030ea06000)]
  0x00007fd46a848000 JavaThread "http-nio-8080-exec-5" daemon [_thread_blocked, id=34819, stack(0x000000030e803000,0x000000030e903000)]
  0x00007fd46a847800 JavaThread "http-nio-8080-exec-4" daemon [_thread_blocked, id=29699, stack(0x000000030e700000,0x000000030e800000)]
  0x00007fd46a2bf800 JavaThread "http-nio-8080-exec-3" daemon [_thread_blocked, id=35331, stack(0x000000030e5fd000,0x000000030e6fd000)]
=>0x00007fd46a2ca000 JavaThread "http-nio-8080-exec-2" daemon [_thread_in_Java, id=35843, stack(0x000000030e4fa000,0x000000030e5fa000)]
  0x00007fd46a2c5000 JavaThread "http-nio-8080-exec-1" daemon [_thread_blocked, id=29187, stack(0x000000030e3f7000,0x000000030e4f7000)]
  0x00007fd469a07000 JavaThread "http-nio-8080-BlockPoller" daemon [_thread_in_native, id=36515, stack(0x000000030e2f4000,0x000000030e3f4000)]
  0x00007fd4699ba800 JavaThread "container-0" [_thread_blocked, id=28167, stack(0x000000030e1f1000,0x000000030e2f1000)]
  0x00007fd46a2b4800 JavaThread "Catalina-utility-2" [_thread_blocked, id=36611, stack(0x000000030e0ee000,0x000000030e1ee000)]
  0x00007fd4699b5800 JavaThread "Catalina-utility-1" [_thread_blocked, id=27763, stack(0x000000030dfeb000,0x000000030e0eb000)]
  0x00007fd46a108800 JavaThread "RMI Scheduler(0)" daemon [_thread_blocked, id=37695, stack(0x000000030dee8000,0x000000030dfe8000)]
  0x00007fd46b0a5000 JavaThread "RMI TCP Connection(idle)" daemon [_thread_blocked, id=27227, stack(0x000000030dde5000,0x000000030dee5000)]
  0x00007fd46a1df800 JavaThread "Attach Listener" daemon [_thread_blocked, id=39691, stack(0x000000030dce2000,0x000000030dde2000)]
  0x00007fd46985f800 JavaThread "RMI TCP Accept-0" daemon [_thread_in_native, id=40247, stack(0x000000030dadc000,0x000000030dbdc000)]
  0x00007fd46a00c800 JavaThread "Service Thread" daemon [_thread_blocked, id=41491, stack(0x000000030d9d9000,0x000000030dad9000)]
  0x00007fd43a808800 JavaThread "C1 CompilerThread3" daemon [_thread_blocked, id=24067, stack(0x000000030d8d6000,0x000000030d9d6000)]
  0x00007fd46b0f4000 JavaThread "C2 CompilerThread2" daemon [_thread_blocked, id=23555, stack(0x000000030d7d3000,0x000000030d8d3000)]
  0x00007fd46b0f3000 JavaThread "C2 CompilerThread1" daemon [_thread_blocked, id=23043, stack(0x000000030d6d0000,0x000000030d7d0000)]
  0x00007fd46b0da800 JavaThread "C2 CompilerThread0" daemon [_thread_blocked, id=22531, stack(0x000000030d5cd000,0x000000030d6cd000)]
  0x00007fd46a99a000 JavaThread "Monitor Ctrl-Break" daemon [_thread_in_native, id=42823, stack(0x000000030d4ca000,0x000000030d5ca000)]
  0x00007fd46a814000 JavaThread "Signal Dispatcher" daemon [_thread_blocked, id=43011, stack(0x000000030d3c7000,0x000000030d4c7000)]
  0x00007fd469820800 JavaThread "Finalizer" daemon [_thread_blocked, id=18463, stack(0x000000030d1b3000,0x000000030d2b3000)]
  0x00007fd469818000 JavaThread "Reference Handler" daemon [_thread_blocked, id=18723, stack(0x000000030d0b0000,0x000000030d1b0000)]

Other Threads:
  0x00007fd46b04e000 VMThread [stack: 0x000000030cfad000,0x000000030d0ad000] [id=13315]
  0x00007fd46b158000 WatcherThread [stack: 0x000000030dbdf000,0x000000030dcdf000] [id=25319]

VM state:not at safepoint (normal execution)

VM Mutex/Monitor currently owned by a thread: None

heap address: 0x00000006c0000000, size: 4096 MB, Compressed Oops mode: Zero based, Oop shift amount: 3
Narrow klass base: 0x0000000000000000, Narrow klass shift: 3
Compressed class space size: 1073741824 Address: 0x00000007c0000000

Heap:
 PSYoungGen      total 141824K, used 104139K [0x000000076ab00000, 0x000000077c000000, 0x00000007c0000000)
  eden space 131072K, 79% used [0x000000076ab00000,0x00000007710b2e88,0x0000000772b00000)
  from space 10752K, 0% used [0x0000000772b00000,0x0000000772b00000,0x0000000773580000)
  to   space 10752K, 0% used [0x000000077b580000,0x000000077b580000,0x000000077c000000)
 ParOldGen       total 79360K, used 5949K [0x00000006c0000000, 0x00000006c4d80000, 0x000000076ab00000)
  object space 79360K, 7% used [0x00000006c0000000,0x00000006c05cf438,0x00000006c4d80000)
 Metaspace       used 30907K, capacity 32966K, committed 33280K, reserved 1077248K
  class space    used 4169K, capacity 4552K, committed 4608K, reserved 1048576K

Card table byte_map: [0x000000012199e000,0x000000012219f000] byte_map_base: 0x000000011e39e000

Marking Bits: (ParMarkBitMap*) 0x0000000110f28488
 Begin Bits: [0x00000001226f5000, 0x00000001266f5000)
 End Bits:   [0x00000001266f5000, 0x000000012a6f5000)

Polling page: 0x000000010c613000

CodeCache: size=245760Kb used=5526Kb max_used=5526Kb free=240233Kb
 bounds [0x00000001125de000, 0x0000000112b4e000, 0x00000001215de000]
 total_blobs=3143 nmethods=2722 adapters=334
 compilation: enabled

Compilation events (10 events):
Event: 10.132 Thread 0x00007fd43a808800 2719       1       java.lang.ThreadLocal$ThreadLocalMap::cleanSomeSlots (60 bytes)
Event: 10.132 Thread 0x00007fd43a808800 nmethod 2719 0x0000000112b42490 code [0x0000000112b42600, 0x0000000112b427e8]
Event: 10.132 Thread 0x00007fd43a808800 2718       1       java.lang.ThreadLocal::setInitialValue (36 bytes)
Event: 10.132 Thread 0x00007fd43a808800 nmethod 2718 0x0000000112b42950 code [0x0000000112b42ae0, 0x0000000112b42cd8]
Event: 10.140 Thread 0x00007fd43a808800 2720       1       java.lang.Class::getDeclaredConstructors (18 bytes)
Event: 10.140 Thread 0x00007fd43a808800 nmethod 2720 0x0000000112b42e10 code [0x0000000112b42fa0, 0x0000000112b43138]
Event: 10.140 Thread 0x00007fd43a808800 2721       1       java.util.stream.ReferencePipeline::map (26 bytes)
Event: 10.140 Thread 0x00007fd43a808800 nmethod 2721 0x0000000112b43210 code [0x0000000112b43380, 0x0000000112b43638]
Event: 10.140 Thread 0x00007fd43a808800 2722       1       java.util.stream.ReferencePipeline$3::<init> (20 bytes)
Event: 10.140 Thread 0x00007fd43a808800 nmethod 2722 0x0000000112b43790 code [0x0000000112b43900, 0x0000000112b43a88]

GC Heap History (8 events):
Event: 0.914 GC heap before
{Heap before GC invocations=1 (full 0):
 PSYoungGen      total 76288K, used 65536K [0x000000076ab00000, 0x0000000770000000, 0x00000007c0000000)
  eden space 65536K, 100% used [0x000000076ab00000,0x000000076eb00000,0x000000076eb00000)
  from space 10752K, 0% used [0x000000076f580000,0x000000076f580000,0x0000000770000000)
  to   space 10752K, 0% used [0x000000076eb00000,0x000000076eb00000,0x000000076f580000)
 ParOldGen       total 175104K, used 0K [0x00000006c0000000, 0x00000006cab00000, 0x000000076ab00000)
  object space 175104K, 0% used [0x00000006c0000000,0x00000006c0000000,0x00000006cab00000)
 Metaspace       used 14989K, capacity 15648K, committed 16000K, reserved 1062912K
  class space    used 1939K, capacity 2098K, committed 2176K, reserved 1048576K
Event: 0.927 GC heap after
Heap after GC invocations=1 (full 0):
 PSYoungGen      total 76288K, used 8403K [0x000000076ab00000, 0x0000000774000000, 0x00000007c0000000)
  eden space 65536K, 0% used [0x000000076ab00000,0x000000076ab00000,0x000000076eb00000)
  from space 10752K, 78% used [0x000000076eb00000,0x000000076f334d28,0x000000076f580000)
  to   space 10752K, 0% used [0x0000000773580000,0x0000000773580000,0x0000000774000000)
 ParOldGen       total 175104K, used 8K [0x00000006c0000000, 0x00000006cab00000, 0x000000076ab00000)
  object space 175104K, 0% used [0x00000006c0000000,0x00000006c0002000,0x00000006cab00000)
 Metaspace       used 14989K, capacity 15648K, committed 16000K, reserved 1062912K
  class space    used 1939K, capacity 2098K, committed 2176K, reserved 1048576K
}
Event: 1.512 GC heap before
{Heap before GC invocations=2 (full 0):
 PSYoungGen      total 76288K, used 73939K [0x000000076ab00000, 0x0000000774000000, 0x00000007c0000000)
  eden space 65536K, 100% used [0x000000076ab00000,0x000000076eb00000,0x000000076eb00000)
  from space 10752K, 78% used [0x000000076eb00000,0x000000076f334d28,0x000000076f580000)
  to   space 10752K, 0% used [0x0000000773580000,0x0000000773580000,0x0000000774000000)
 ParOldGen       total 175104K, used 8K [0x00000006c0000000, 0x00000006cab00000, 0x000000076ab00000)
  object space 175104K, 0% used [0x00000006c0000000,0x00000006c0002000,0x00000006cab00000)
 Metaspace       used 19967K, capacity 21032K, committed 21120K, reserved 1067008K
  class space    used 2661K, capacity 2900K, committed 2944K, reserved 1048576K
Event: 1.530 GC heap after
Heap after GC invocations=2 (full 0):
 PSYoungGen      total 141824K, used 10739K [0x000000076ab00000, 0x0000000774000000, 0x00000007c0000000)
  eden space 131072K, 0% used [0x000000076ab00000,0x000000076ab00000,0x0000000772b00000)
  from space 10752K, 99% used [0x0000000773580000,0x0000000773ffcf40,0x0000000774000000)
  to   space 10752K, 0% used [0x0000000772b00000,0x0000000772b00000,0x0000000773580000)
 ParOldGen       total 175104K, used 32K [0x00000006c0000000, 0x00000006cab00000, 0x000000076ab00000)
  object space 175104K, 0% used [0x00000006c0000000,0x00000006c0008000,0x00000006cab00000)
 Metaspace       used 19967K, capacity 21032K, committed 21120K, reserved 1067008K
  class space    used 2661K, capacity 2900K, committed 2944K, reserved 1048576K
}
Event: 1.590 GC heap before
{Heap before GC invocations=3 (full 0):
 PSYoungGen      total 141824K, used 16188K [0x000000076ab00000, 0x0000000774000000, 0x00000007c0000000)
  eden space 131072K, 4% used [0x000000076ab00000,0x000000076b052170,0x0000000772b00000)
  from space 10752K, 99% used [0x0000000773580000,0x0000000773ffcf40,0x0000000774000000)
  to   space 10752K, 0% used [0x0000000772b00000,0x0000000772b00000,0x0000000773580000)
 ParOldGen       total 175104K, used 32K [0x00000006c0000000, 0x00000006cab00000, 0x000000076ab00000)
  object space 175104K, 0% used [0x00000006c0000000,0x00000006c0008000,0x00000006cab00000)
 Metaspace       used 20207K, capacity 21268K, committed 21296K, reserved 1067008K
  class space    used 2697K, capacity 2934K, committed 2944K, reserved 1048576K
Event: 1.608 GC heap after
Heap after GC invocations=3 (full 0):
 PSYoungGen      total 141824K, used 6157K [0x000000076ab00000, 0x000000077c000000, 0x00000007c0000000)
  eden space 131072K, 0% used [0x000000076ab00000,0x000000076ab00000,0x0000000772b00000)
  from space 10752K, 57% used [0x0000000772b00000,0x00000007731035e8,0x0000000773580000)
  to   space 10752K, 0% used [0x000000077b580000,0x000000077b580000,0x000000077c000000)
 ParOldGen       total 175104K, used 40K [0x00000006c0000000, 0x00000006cab00000, 0x000000076ab00000)
  object space 175104K, 0% used [0x00000006c0000000,0x00000006c000a000,0x00000006cab00000)
 Metaspace       used 20207K, capacity 21268K, committed 21296K, reserved 1067008K
  class space    used 2697K, capacity 2934K, committed 2944K, reserved 1048576K
}
Event: 1.608 GC heap before
{Heap before GC invocations=4 (full 1):
 PSYoungGen      total 141824K, used 6157K [0x000000076ab00000, 0x000000077c000000, 0x00000007c0000000)
  eden space 131072K, 0% used [0x000000076ab00000,0x000000076ab00000,0x0000000772b00000)
  from space 10752K, 57% used [0x0000000772b00000,0x00000007731035e8,0x0000000773580000)
  to   space 10752K, 0% used [0x000000077b580000,0x000000077b580000,0x000000077c000000)
 ParOldGen       total 175104K, used 40K [0x00000006c0000000, 0x00000006cab00000, 0x000000076ab00000)
  object space 175104K, 0% used [0x00000006c0000000,0x00000006c000a000,0x00000006cab00000)
 Metaspace       used 20207K, capacity 21268K, committed 21296K, reserved 1067008K
  class space    used 2697K, capacity 2934K, committed 2944K, reserved 1048576K
Event: 1.626 GC heap after
Heap after GC invocations=4 (full 1):
 PSYoungGen      total 141824K, used 0K [0x000000076ab00000, 0x000000077c000000, 0x00000007c0000000)
  eden space 131072K, 0% used [0x000000076ab00000,0x000000076ab00000,0x0000000772b00000)
  from space 10752K, 0% used [0x0000000772b00000,0x0000000772b00000,0x0000000773580000)
  to   space 10752K, 0% used [0x000000077b580000,0x000000077b580000,0x000000077c000000)
 ParOldGen       total 79360K, used 5949K [0x00000006c0000000, 0x00000006c4d80000, 0x000000076ab00000)
  object space 79360K, 7% used [0x00000006c0000000,0x00000006c05cf438,0x00000006c4d80000)
 Metaspace       used 20207K, capacity 21268K, committed 21296K, reserved 1067008K
  class space    used 2697K, capacity 2934K, committed 2944K, reserved 1048576K
}

Deoptimization events (0 events):
No events

Classes redefined (0 events):
No events

Internal exceptions (10 events):
Event: 2.364 Thread 0x00007fd46a809800 Exception <a 'java/lang/ArrayIndexOutOfBoundsException'> (0x000000076f7e10f8) thrown at [/jenkins/workspace/8-2-build-macosx-x86_64/jdk8u281/880/hotspot/src/share/vm/runtime/sharedRuntime.cpp, line 609]
Event: 2.364 Thread 0x00007fd46a809800 Exception <a 'java/lang/ArrayIndexOutOfBoundsException'> (0x000000076f7e29c0) thrown at [/jenkins/workspace/8-2-build-macosx-x86_64/jdk8u281/880/hotspot/src/share/vm/runtime/sharedRuntime.cpp, line 609]
Event: 2.387 Thread 0x00007fd46a809800 Exception <a 'java/lang/ArrayIndexOutOfBoundsException'> (0x000000076fafe870) thrown at [/jenkins/workspace/8-2-build-macosx-x86_64/jdk8u281/880/hotspot/src/share/vm/runtime/sharedRuntime.cpp, line 609]
Event: 2.388 Thread 0x00007fd46a809800 Exception <a 'java/lang/ArrayIndexOutOfBoundsException'> (0x000000076fb00b78) thrown at [/jenkins/workspace/8-2-build-macosx-x86_64/jdk8u281/880/hotspot/src/share/vm/runtime/sharedRuntime.cpp, line 609]
Event: 2.389 Thread 0x00007fd46a809800 Exception <a 'java/lang/ArrayIndexOutOfBoundsException'> (0x000000076fb13b50) thrown at [/jenkins/workspace/8-2-build-macosx-x86_64/jdk8u281/880/hotspot/src/share/vm/runtime/sharedRuntime.cpp, line 609]
Event: 10.086 Thread 0x00007fd46a2ca000 Exception <a 'java/lang/ClassNotFoundException': com/sun/org/glassfish/hk2/osgiresourcelocator/ServiceLoader> (0x0000000770cec618) thrown at [/jenkins/workspace/8-2-build-macosx-x86_64/jdk8u281/880/hotspot/src/share/vm/classfile/systemDictionary.cpp, line
Event: 10.088 Thread 0x00007fd46a2ca000 Exception <a 'java/lang/NullPointerException'> (0x0000000770d1bfb8) thrown at [/jenkins/workspace/8-2-build-macosx-x86_64/jdk8u281/880/hotspot/src/share/vm/interpreter/linkResolver.cpp, line 1287]
Event: 10.111 Thread 0x00007fd46a2ca000 Exception <a 'java/lang/ArrayIndexOutOfBoundsException'> (0x0000000770dde9d8) thrown at [/jenkins/workspace/8-2-build-macosx-x86_64/jdk8u281/880/hotspot/src/share/vm/runtime/sharedRuntime.cpp, line 609]
Event: 10.111 Thread 0x00007fd46a2ca000 Exception <a 'java/lang/ArrayIndexOutOfBoundsException'> (0x0000000770dea770) thrown at [/jenkins/workspace/8-2-build-macosx-x86_64/jdk8u281/880/hotspot/src/share/vm/runtime/sharedRuntime.cpp, line 609]
Event: 10.113 Thread 0x00007fd46a2ca000 Exception <a 'java/lang/ArrayIndexOutOfBoundsException'> (0x0000000770e04470) thrown at [/jenkins/workspace/8-2-build-macosx-x86_64/jdk8u281/880/hotspot/src/share/vm/runtime/sharedRuntime.cpp, line 609]

Events (10 events):
Event: 10.140 loading class se/atg/service/harrykart/model/LoopType
Event: 10.140 loading class se/atg/service/harrykart/model/LoopType done
Event: 10.140 loading class se/atg/service/harrykart/model/LaneType
Event: 10.140 loading class se/atg/service/harrykart/model/LaneType done
Event: 10.140 loading class se/atg/service/harrykart/model/LaneType
Event: 10.140 loading class se/atg/service/harrykart/model/LaneType done
Event: 10.140 loading class se/atg/service/harrykart/models/HorseInRace
Event: 10.140 loading class se/atg/service/harrykart/models/HorseInRace done
Event: 10.140 loading class se/atg/service/harrykart/model/LaneType
Event: 10.140 loading class se/atg/service/harrykart/model/LaneType done


Dynamic libraries:
0x00007ffdffead000 	/Library/Apple/usr/libexec/oah/runtime
0x00007fff352a2000 	/System/Library/Frameworks/Cocoa.framework/Versions/A/Cocoa
0x00007fff22161000 	/System/Library/Frameworks/Security.framework/Versions/A/Security
0x00007fff334a1000 	/System/Library/Frameworks/ApplicationServices.framework/Versions/A/ApplicationServices
0x00007fff2a604000 	/usr/lib/libz.1.dylib
0x00007fff2a6d0000 	/usr/lib/libSystem.B.dylib
0x00007fff203f4000 	/System/Library/Frameworks/CoreFoundation.framework/Versions/A/CoreFoundation
0x00007fff210d6000 	/System/Library/Frameworks/Foundation.framework/Versions/C/Foundation
0x00007fff20213000 	/usr/lib/libobjc.A.dylib
0x00007fff22b87000 	/System/Library/Frameworks/AppKit.framework/Versions/C/AppKit
0x00007fff25a43000 	/System/Library/Frameworks/CoreData.framework/Versions/A/CoreData
0x00007fff238ea000 	/System/Library/PrivateFrameworks/UIFoundation.framework/Versions/A/UIFoundation
0x00007fff2fe85000 	/System/Library/PrivateFrameworks/RemoteViewServices.framework/Versions/A/RemoteViewServices
0x00007fff28c21000 	/System/Library/PrivateFrameworks/XCTTargetBootstrap.framework/Versions/A/XCTTargetBootstrap
0x00007fff2b96d000 	/usr/lib/libspindump.dylib
0x00007fff23b3e000 	/System/Library/Frameworks/UniformTypeIdentifiers.framework/Versions/A/UniformTypeIdentifiers
0x00007fff273f8000 	/usr/lib/libapp_launch_measurement.dylib
0x00007fff273fb000 	/System/Library/PrivateFrameworks/CoreAutoLayout.framework/Versions/A/CoreAutoLayout
0x00007fff28583000 	/System/Library/Frameworks/Metal.framework/Versions/A/Metal
0x00007fff29276000 	/usr/lib/liblangid.dylib
0x00007fff28c25000 	/System/Library/PrivateFrameworks/CoreSVG.framework/Versions/A/CoreSVG
0x00007fff24b25000 	/System/Library/PrivateFrameworks/SkyLight.framework/Versions/A/SkyLight
0x00007fff24e8b000 	/System/Library/Frameworks/CoreGraphics.framework/Versions/A/CoreGraphics
0x00007fff304dc000 	/System/Library/Frameworks/Accelerate.framework/Versions/A/Accelerate
0x00007fff2b3a8000 	/System/Library/PrivateFrameworks/IconServices.framework/Versions/A/IconServices
0x00007fff28568000 	/System/Library/Frameworks/IOSurface.framework/Versions/A/IOSurface
0x00007fff263d5000 	/usr/lib/libDiagnosticMessagesClient.dylib
0x00007fff28c0d000 	/System/Library/PrivateFrameworks/DFRFoundation.framework/Versions/A/DFRFoundation
0x00007fff224b3000 	/usr/lib/libicucore.A.dylib
0x00007fff2cead000 	/System/Library/Frameworks/AudioToolbox.framework/Versions/A/AudioToolbox
0x00007fff2c153000 	/System/Library/PrivateFrameworks/DataDetectorsCore.framework/Versions/A/DataDetectorsCore
0x00007fff2890d000 	/System/Library/Frameworks/Carbon.framework/Versions/A/Frameworks/HIToolbox.framework/Versions/A/HIToolbox
0x00007fff26e50000 	/System/Library/Frameworks/QuartzCore.framework/Versions/A/QuartzCore
0x00007fff2fec1000 	/System/Library/Frameworks/Carbon.framework/Versions/A/Frameworks/SpeechRecognition.framework/Versions/A/SpeechRecognition
0x00007fff27160000 	/System/Library/PrivateFrameworks/CoreUI.framework/Versions/A/CoreUI
0x00007fff21abd000 	/System/Library/Frameworks/CoreAudio.framework/Versions/A/CoreAudio
0x00007fff264c0000 	/System/Library/Frameworks/DiskArbitration.framework/Versions/A/DiskArbitration
0x00007fff2bd67000 	/System/Library/PrivateFrameworks/MultitouchSupport.framework/Versions/A/MultitouchSupport
0x00007fff2c14a000 	/System/Library/PrivateFrameworks/InternationalSupport.framework/Versions/A/InternationalSupport
0x00007fff24a99000 	/usr/lib/libenergytrace.dylib
0x00007fff22a81000 	/System/Library/Frameworks/IOKit.framework/Versions/A/IOKit
0x00007fff3020e000 	/System/Library/Frameworks/CoreServices.framework/Versions/A/CoreServices
0x00007fff2738e000 	/System/Library/PrivateFrameworks/PerformanceAnalysis.framework/Versions/A/PerformanceAnalysis
0x00007fff6cb17000 	/System/Library/Frameworks/OpenGL.framework/Versions/A/OpenGL
0x00007fff2c1cf000 	/System/Library/PrivateFrameworks/UserActivity.framework/Versions/A/UserActivity
0x00007fff25545000 	/System/Library/Frameworks/ColorSync.framework/Versions/A/ColorSync
0x00007fff28e8d000 	/System/Library/Frameworks/CoreImage.framework/Versions/A/CoreImage
0x00007fff218d4000 	/System/Library/Frameworks/CoreText.framework/Versions/A/CoreText
0x00007fff28c4f000 	/System/Library/Frameworks/ImageIO.framework/Versions/A/ImageIO
0x00007fff2a6d6000 	/System/Library/PrivateFrameworks/SoftLinking.framework/Versions/A/SoftLinking
0x00007fff27444000 	/usr/lib/libxml2.2.dylib
0x00007fff202d9000 	/usr/lib/libc++.1.dylib
0x00007fff2a948000 	/usr/lib/libcompression.dylib
0x00007fff24a9a000 	/usr/lib/libMobileGestalt.dylib
0x00007fff2c07d000 	/System/Library/PrivateFrameworks/TextureIO.framework/Versions/A/TextureIO
0x00007fff2b035000 	/usr/lib/libate.dylib
0x00007fff2a6ca000 	/usr/lib/system/libcache.dylib
0x00007fff2a686000 	/usr/lib/system/libcommonCrypto.dylib
0x00007fff2a6b0000 	/usr/lib/system/libcompiler_rt.dylib
0x00007fff2a6a5000 	/usr/lib/system/libcopyfile.dylib
0x00007fff20102000 	/usr/lib/system/libcorecrypto.dylib
0x00007fff201ce000 	/usr/lib/system/libdispatch.dylib
0x00007fff20383000 	/usr/lib/system/libdyld.dylib
0x00007fff2a6c1000 	/usr/lib/system/libkeymgr.dylib
0x00007fff2dc5f000 	/usr/lib/system/liblaunch.dylib
0x00007fff2a664000 	/usr/lib/system/libmacho.dylib
0x00007fff29e7a000 	/usr/lib/system/libquarantine.dylib
0x00007fff2a6be000 	/usr/lib/system/libremovefile.dylib
0x00007fff24af6000 	/usr/lib/system/libsystem_asl.dylib
0x00007fff200b2000 	/usr/lib/system/libsystem_blocks.dylib
0x00007fff20250000 	/usr/lib/system/libsystem_c.dylib
0x00007fff2a6b8000 	/usr/lib/system/libsystem_collections.dylib
0x00007fff29267000 	/usr/lib/system/libsystem_configuration.dylib
0x00007fff28557000 	/usr/lib/system/libsystem_containermanager.dylib
0x00007fff2a3fc000 	/usr/lib/system/libsystem_coreservices.dylib
0x00007fff22715000 	/usr/lib/system/libsystem_darwin.dylib
0x00007fff2a6c2000 	/usr/lib/system/libsystem_dnssd.dylib
0x00007fff2024d000 	/usr/lib/system/libsystem_featureflags.dylib
0x00007fff203c8000 	/usr/lib/system/libsystem_info.dylib
0x00007fff2a617000 	/usr/lib/system/libsystem_m.dylib
0x00007fff201a1000 	/usr/lib/system/libsystem_malloc.dylib
0x00007fff24a8a000 	/usr/lib/system/libsystem_networkextension.dylib
0x00007fff22b2f000 	/usr/lib/system/libsystem_notify.dylib
0x00007fff3010c000 	/usr/lib/system/libsystem_product_info_filter.dylib
0x00007fff2926b000 	/usr/lib/system/libsystem_sandbox.dylib
0x00007fff2a6bb000 	/usr/lib/system/libsystem_secinit.dylib
0x00007fff20348000 	/usr/lib/system/libsystem_kernel.dylib
0x00007fff203be000 	/usr/lib/system/libsystem_platform.dylib
0x00007fff20377000 	/usr/lib/system/libsystem_pthread.dylib
0x00007fff26223000 	/usr/lib/system/libsystem_symptoms.dylib
0x00007fff200ea000 	/usr/lib/system/libsystem_trace.dylib
0x00007fff2a692000 	/usr/lib/system/libunwind.dylib
0x00007fff200b4000 	/usr/lib/system/libxpc.dylib
0x00007fff2032f000 	/usr/lib/libc++abi.dylib
0x00007fff2a69d000 	/usr/lib/liboah.dylib
0x00007fff2ad61000 	/usr/lib/liblzma.5.dylib
0x00007fff20dea000 	/System/Library/Frameworks/SystemConfiguration.framework/Versions/A/SystemConfiguration
0x00007fff2a6d2000 	/usr/lib/libfakelink.dylib
0x00007fff245ec000 	/System/Library/Frameworks/CFNetwork.framework/Versions/A/CFNetwork
0x00007fff2a812000 	/usr/lib/libarchive.2.dylib
0x00007fff20e68000 	/usr/lib/libCRFSuite.dylib
0x00007fff29ea1000 	/usr/lib/libbsm.0.dylib
0x00007fff23fa8000 	/usr/lib/libnetwork.dylib
0x00007fff2a6d7000 	/usr/lib/libpcap.A.dylib
0x00007fff2621c000 	/usr/lib/libdns_services.dylib
0x00007fff2ad7a000 	/usr/lib/libcoretls_cfhelpers.dylib
0x00007fff2a916000 	/usr/lib/libapple_nghttp2.dylib
0x00007fff2a66a000 	/usr/lib/system/libkxld.dylib
0x00007fff25e8a000 	/usr/lib/libsqlite3.dylib
0x00007fff2a3de000 	/System/Library/PrivateFrameworks/AppleFSCompression.framework/Versions/A/AppleFSCompression
0x00007fff29e89000 	/usr/lib/libcoretls.dylib
0x00007fff2a943000 	/usr/lib/libpam.2.dylib
0x00007fff2ae76000 	/usr/lib/libxar.1.dylib
0x00007fff29272000 	/System/Library/PrivateFrameworks/AppleSystemInfo.framework/Versions/A/AppleSystemInfo
0x00007fff29acc000 	/System/Library/PrivateFrameworks/IOMobileFramebuffer.framework/Versions/A/IOMobileFramebuffer
0x00007fff2a3ee000 	/usr/lib/libbz2.1.0.dylib
0x00007fff2a70f000 	/usr/lib/libiconv.2.dylib
0x00007fff2a663000 	/usr/lib/libcharset.1.dylib
0x00007fff273ca000 	/System/Library/Frameworks/CoreServices.framework/Versions/A/Frameworks/FSEvents.framework/Versions/A/FSEvents
0x00007fff2271f000 	/System/Library/Frameworks/CoreServices.framework/Versions/A/Frameworks/CarbonCore.framework/Versions/A/CarbonCore
0x00007fff26425000 	/System/Library/Frameworks/CoreServices.framework/Versions/A/Frameworks/Metadata.framework/Versions/A/Metadata
0x00007fff2a401000 	/System/Library/Frameworks/CoreServices.framework/Versions/A/Frameworks/OSServices.framework/Versions/A/OSServices
0x00007fff2a884000 	/System/Library/Frameworks/CoreServices.framework/Versions/A/Frameworks/SearchKit.framework/Versions/A/SearchKit
0x00007fff261a6000 	/System/Library/Frameworks/CoreServices.framework/Versions/A/Frameworks/AE.framework/Versions/A/AE
0x00007fff20890000 	/System/Library/Frameworks/CoreServices.framework/Versions/A/Frameworks/LaunchServices.framework/Versions/A/LaunchServices
0x00007fff2ad12000 	/System/Library/Frameworks/CoreServices.framework/Versions/A/Frameworks/DictionaryServices.framework/Versions/A/DictionaryServices
0x00007fff273d3000 	/System/Library/Frameworks/CoreServices.framework/Versions/A/Frameworks/SharedFileList.framework/Versions/A/SharedFileList
0x00007fff29e7d000 	/usr/lib/libCheckFix.dylib
0x00007fff24b0d000 	/System/Library/PrivateFrameworks/TCC.framework/Versions/A/TCC
0x00007fff29278000 	/System/Library/PrivateFrameworks/CoreNLP.framework/Versions/A/CoreNLP
0x00007fff263d8000 	/System/Library/PrivateFrameworks/MetadataUtilities.framework/Versions/A/MetadataUtilities
0x00007fff20e9e000 	/usr/lib/libmecabra.dylib
0x00007fff2a191000 	/System/Library/Frameworks/MLCompute.framework/Versions/A/MLCompute
0x00007fff29eb2000 	/usr/lib/libmecab.dylib
0x00007fff29efc000 	/usr/lib/libgermantok.dylib
0x00007fff2a8ec000 	/usr/lib/libThaiTokenizer.dylib
0x00007fff2aeb1000 	/usr/lib/libChineseTokenizer.dylib
0x00007fff2a941000 	/System/Library/Frameworks/MetalPerformanceShaders.framework/Versions/A/MetalPerformanceShaders
0x00007fff264c7000 	/System/Library/Frameworks/Accelerate.framework/Versions/A/Frameworks/vImage.framework/Versions/A/vImage
0x00007fff301e7000 	/System/Library/Frameworks/Accelerate.framework/Versions/A/Frameworks/vecLib.framework/Versions/A/vecLib
0x00007fff2aebc000 	/System/Library/Frameworks/Accelerate.framework/Versions/A/Frameworks/vecLib.framework/Versions/A/libvMisc.dylib
0x00007fff29928000 	/System/Library/Frameworks/Accelerate.framework/Versions/A/Frameworks/vecLib.framework/Versions/A/libvDSP.dylib
0x00007fff20b94000 	/System/Library/Frameworks/Accelerate.framework/Versions/A/Frameworks/vecLib.framework/Versions/A/libBLAS.dylib
0x00007fff2a967000 	/System/Library/Frameworks/Accelerate.framework/Versions/A/Frameworks/vecLib.framework/Versions/A/libLAPACK.dylib
0x00007fff29f02000 	/System/Library/Frameworks/Accelerate.framework/Versions/A/Frameworks/vecLib.framework/Versions/A/libLinearAlgebra.dylib
0x00007fff2a92e000 	/System/Library/Frameworks/Accelerate.framework/Versions/A/Frameworks/vecLib.framework/Versions/A/libSparseBLAS.dylib
0x00007fff2a961000 	/System/Library/Frameworks/Accelerate.framework/Versions/A/Frameworks/vecLib.framework/Versions/A/libQuadrature.dylib
0x00007fff29320000 	/System/Library/Frameworks/Accelerate.framework/Versions/A/Frameworks/vecLib.framework/Versions/A/libBNNS.dylib
0x00007fff20d7b000 	/System/Library/Frameworks/Accelerate.framework/Versions/A/Frameworks/vecLib.framework/Versions/A/libSparse.dylib
0x00007fff2920b000 	/System/Library/Frameworks/MetalPerformanceShaders.framework/Versions/A/Frameworks/MPSCore.framework/Versions/A/MPSCore
0x00007fff2a34d000 	/System/Library/Frameworks/MetalPerformanceShaders.framework/Versions/A/Frameworks/MPSImage.framework/Versions/A/MPSImage
0x00007fff29f19000 	/System/Library/Frameworks/MetalPerformanceShaders.framework/Versions/A/Frameworks/MPSNeuralNetwork.framework/Versions/A/MPSNeuralNetwork
0x00007fff2a2d8000 	/System/Library/Frameworks/MetalPerformanceShaders.framework/Versions/A/Frameworks/MPSMatrix.framework/Versions/A/MPSMatrix
0x00007fff2a141000 	/System/Library/Frameworks/MetalPerformanceShaders.framework/Versions/A/Frameworks/MPSRayIntersector.framework/Versions/A/MPSRayIntersector
0x00007fff2a30f000 	/System/Library/Frameworks/MetalPerformanceShaders.framework/Versions/A/Frameworks/MPSNDArray.framework/Versions/A/MPSNDArray
0x00007fff20ac0000 	/System/Library/PrivateFrameworks/MetalTools.framework/Versions/A/MetalTools
0x00007fff29270000 	/System/Library/PrivateFrameworks/AggregateDictionary.framework/Versions/A/AggregateDictionary
0x00007fff263b0000 	/System/Library/PrivateFrameworks/CoreAnalytics.framework/Versions/A/CoreAnalytics
0x00007fff2a8ee000 	/System/Library/PrivateFrameworks/AppleSauce.framework/Versions/A/AppleSauce
0x00007fff2857a000 	/System/Library/PrivateFrameworks/IOAccelerator.framework/Versions/A/IOAccelerator
0x00007fff6cb0b000 	/System/Library/Frameworks/OpenGL.framework/Versions/A/Libraries/libCoreFSCache.dylib
0x00007fff2143a000 	/System/Library/PrivateFrameworks/LanguageModeling.framework/Versions/A/LanguageModeling
0x00007fff29ab9000 	/System/Library/PrivateFrameworks/CoreEmoji.framework/Versions/A/CoreEmoji
0x00007fff29319000 	/System/Library/PrivateFrameworks/LinguisticData.framework/Versions/A/LinguisticData
0x00007fff20d2d000 	/System/Library/PrivateFrameworks/Lexicon.framework/Versions/A/Lexicon
0x00007fff2a800000 	/usr/lib/libcmph.dylib
0x00007fff273aa000 	/System/Library/Frameworks/OpenDirectory.framework/Versions/A/Frameworks/CFOpenDirectory.framework/Versions/A/CFOpenDirectory
0x00007fff2739a000 	/System/Library/Frameworks/OpenDirectory.framework/Versions/A/OpenDirectory
0x00007fff2ad7c000 	/System/Library/PrivateFrameworks/APFS.framework/Versions/A/APFS
0x00007fff29dde000 	/System/Library/Frameworks/SecurityFoundation.framework/Versions/A/SecurityFoundation
0x00007fff2ae84000 	/usr/lib/libutil.dylib
0x00007fff22a46000 	/System/Library/PrivateFrameworks/CoreServicesStore.framework/Versions/A/CoreServicesStore
0x00007fff29e75000 	/System/Library/Frameworks/ServiceManagement.framework/Versions/A/ServiceManagement
0x00007fff2ae88000 	/usr/lib/libxslt.1.dylib
0x00007fff29e6b000 	/System/Library/PrivateFrameworks/BackgroundTaskManagement.framework/Versions/A/BackgroundTaskManagement
0x00007fff2bfc8000 	/System/Library/Frameworks/ImageIO.framework/Versions/A/Resources/libRadiance.dylib
0x00007fff2bfd1000 	/System/Library/Frameworks/ImageIO.framework/Versions/A/Resources/libJPEG.dylib
0x00007fff2bf21000 	/System/Library/Frameworks/ImageIO.framework/Versions/A/Resources/libPng.dylib
0x00007fff2bf48000 	/System/Library/Frameworks/ImageIO.framework/Versions/A/Resources/libTIFF.dylib
0x00007fff2c026000 	/System/Library/Frameworks/ImageIO.framework/Versions/A/Resources/libGIF.dylib
0x00007fff2bc85000 	/System/Library/Frameworks/ImageIO.framework/Versions/A/Resources/libJP2.dylib
0x00007fff2b36f000 	/usr/lib/libexpat.1.dylib
0x00007fff2bc3a000 	/System/Library/PrivateFrameworks/AppleJPEG.framework/Versions/A/AppleJPEG
0x00007fff287b0000 	/System/Library/PrivateFrameworks/FontServices.framework/libFontParser.dylib
0x00007fff2615a000 	/System/Library/PrivateFrameworks/RunningBoardServices.framework/Versions/A/RunningBoardServices
0x00007fff2bd63000 	/System/Library/PrivateFrameworks/WatchdogClient.framework/Versions/A/WatchdogClient
0x00007fff21527000 	/System/Library/Frameworks/CoreDisplay.framework/Versions/A/CoreDisplay
0x00007fff286c6000 	/System/Library/Frameworks/CoreMedia.framework/Versions/A/CoreMedia
0x00007fff27527000 	/System/Library/Frameworks/CoreVideo.framework/Versions/A/CoreVideo
0x00007fff2bd9b000 	/System/Library/Frameworks/VideoToolbox.framework/Versions/A/VideoToolbox
0x00007fff260d8000 	/System/Library/PrivateFrameworks/BaseBoard.framework/Versions/A/BaseBoard
0x00007fff2b4b4000 	/System/Library/PrivateFrameworks/PersistentConnection.framework/Versions/A/PersistentConnection
0x00007fff25e73000 	/System/Library/PrivateFrameworks/ProtocolBuffer.framework/Versions/A/ProtocolBuffer
0x00007fff260bf000 	/System/Library/PrivateFrameworks/CommonUtilities.framework/Versions/A/CommonUtilities
0x00007fff2bbcf000 	/System/Library/PrivateFrameworks/Bom.framework/Versions/A/Bom
0x00007fff2bfc1000 	/System/Library/PrivateFrameworks/GPUWrangler.framework/Versions/A/GPUWrangler
0x00007fff2bfa6000 	/System/Library/PrivateFrameworks/IOPresentment.framework/Versions/A/IOPresentment
0x00007fff2bfcb000 	/System/Library/PrivateFrameworks/DSExternalDisplay.framework/Versions/A/DSExternalDisplay
0x00007fff2c02b000 	/System/Library/PrivateFrameworks/CMCaptureCore.framework/Versions/A/CMCaptureCore
0x00007fff2b954000 	/System/Library/PrivateFrameworks/AppServerSupport.framework/Versions/A/AppServerSupport
0x00007fff2d9fe000 	/System/Library/PrivateFrameworks/perfdata.framework/Versions/A/perfdata
0x00007fff29dcd000 	/System/Library/PrivateFrameworks/AssertionServices.framework/Versions/A/AssertionServices
0x00007fff2165e000 	/System/Library/PrivateFrameworks/AudioToolboxCore.framework/Versions/A/AudioToolboxCore
0x00007fff286a9000 	/System/Library/PrivateFrameworks/caulk.framework/Versions/A/caulk
0x00007fff3d68b000 	/System/Library/PrivateFrameworks/SystemPolicy.framework/Versions/A/SystemPolicy
0x00007fff2b164000 	/usr/lib/libIOReport.dylib
0x00007fff2d220000 	/usr/lib/libSMC.dylib
0x00007fff2beee000 	/usr/lib/libAudioToolboxUtility.dylib
0x00007fff3dff5000 	/usr/lib/libmis.dylib
0x00007fff6cb67000 	/System/Library/Frameworks/OpenGL.framework/Versions/A/Libraries/libGLU.dylib
0x00007fff6cb2a000 	/System/Library/Frameworks/OpenGL.framework/Versions/A/Libraries/libGFXShared.dylib
0x00007fff6cd39000 	/System/Library/Frameworks/OpenGL.framework/Versions/A/Libraries/libGL.dylib
0x00007fff6cb33000 	/System/Library/Frameworks/OpenGL.framework/Versions/A/Libraries/libGLImage.dylib
0x00007fff6cb27000 	/System/Library/Frameworks/OpenGL.framework/Versions/A/Libraries/libCVMSPluginSupport.dylib
0x00007fff6cb12000 	/System/Library/Frameworks/OpenGL.framework/Versions/A/Libraries/libCoreVMClient.dylib
0x00007fff6e17a000 	/System/Library/Frameworks/OpenCL.framework/Versions/A/OpenCL
0x00007fff2b4de000 	/System/Library/PrivateFrameworks/GraphVisualizer.framework/Versions/A/GraphVisualizer
0x00007fff2b4ed000 	/System/Library/PrivateFrameworks/FaceCore.framework/Versions/A/FaceCore
0x00007fff2b909000 	/System/Library/PrivateFrameworks/OTSVG.framework/Versions/A/OTSVG
0x00007fff2711e000 	/System/Library/Frameworks/ApplicationServices.framework/Versions/A/Frameworks/ATS.framework/Versions/A/Resources/libFontRegistry.dylib
0x00007fff2b95b000 	/System/Library/PrivateFrameworks/FontServices.framework/libhvf.dylib
0x00007fff2b31b000 	/System/Library/PrivateFrameworks/AppleVA.framework/Versions/A/AppleVA
0x00007fff2d069000 	/System/Library/Frameworks/ApplicationServices.framework/Versions/A/Frameworks/ATS.framework/Versions/A/ATS
0x00007fff2d37b000 	/System/Library/Frameworks/ApplicationServices.framework/Versions/A/Frameworks/ColorSyncLegacy.framework/Versions/A/ColorSyncLegacy
0x00007fff2563c000 	/System/Library/Frameworks/ApplicationServices.framework/Versions/A/Frameworks/HIServices.framework/Versions/A/HIServices
0x00007fff2d360000 	/System/Library/Frameworks/ApplicationServices.framework/Versions/A/Frameworks/LangAnalysis.framework/Versions/A/LangAnalysis
0x00007fff2c035000 	/System/Library/Frameworks/ApplicationServices.framework/Versions/A/Frameworks/PrintCore.framework/Versions/A/PrintCore
0x00007fff2d383000 	/System/Library/Frameworks/ApplicationServices.framework/Versions/A/Frameworks/QD.framework/Versions/A/QD
0x00007fff2d059000 	/System/Library/Frameworks/ApplicationServices.framework/Versions/A/Frameworks/SpeechSynthesis.framework/Versions/A/SpeechSynthesis
0x00007fff2bff6000 	/System/Library/Frameworks/ApplicationServices.framework/Versions/A/Frameworks/ATSUI.framework/Versions/A/ATSUI
0x00007fff2d300000 	/usr/lib/libcups.2.dylib
0x00007fff2d370000 	/System/Library/PrivateFrameworks/NetAuth.framework/Versions/A/NetAuth
0x00007fff2da1a000 	/System/Library/Frameworks/Kerberos.framework/Versions/A/Kerberos
0x00007fff2da2a000 	/System/Library/Frameworks/GSS.framework/Versions/A/GSS
0x00007fff2d0d5000 	/usr/lib/libresolv.9.dylib
0x00007fff2b970000 	/System/Library/PrivateFrameworks/Heimdal.framework/Versions/A/Heimdal
0x00007fff337a1000 	/System/Library/Frameworks/Kerberos.framework/Versions/A/Libraries/libHeimdalProxy.dylib
0x00007fff2622b000 	/System/Library/Frameworks/Network.framework/Versions/A/Network
0x00007fff2b389000 	/usr/lib/libheimdal-asn1.dylib
0x00007fff2da7a000 	/System/Library/PrivateFrameworks/CommonAuth.framework/Versions/A/CommonAuth
0x00007fff27574000 	/System/Library/PrivateFrameworks/login.framework/Versions/A/Frameworks/loginsupport.framework/Versions/A/loginsupport
0x00007fff2cfde000 	/System/Library/PrivateFrameworks/AudioSession.framework/Versions/A/AudioSession
0x00007fff2d046000 	/usr/lib/libAudioStatistics.dylib
0x00007fff2b416000 	/System/Library/PrivateFrameworks/MediaExperience.framework/Versions/A/MediaExperience
0x00007fff2ce7b000 	/System/Library/PrivateFrameworks/AudioSession.framework/libSessionUtility.dylib
0x00007fff2da0b000 	/usr/lib/libperfcheck.dylib
0x00007fff2d38f000 	/System/Library/PrivateFrameworks/AudioResourceArbitration.framework/Versions/A/AudioResourceArbitration
0x00007fff2b393000 	/System/Library/PrivateFrameworks/IconFoundation.framework/Versions/A/IconFoundation
0x00007fff2feb1000 	/System/Library/PrivateFrameworks/SpeechRecognitionCore.framework/Versions/A/SpeechRecognitionCore
0x0000000110800000 	/Library/Java/JavaVirtualMachines/jdk1.8.0_281.jdk/Contents/Home/jre/lib/server/libjvm.dylib
0x000000010c575000 	/Library/Java/JavaVirtualMachines/jdk1.8.0_281.jdk/Contents/Home/jre/lib/libverify.dylib
0x000000010c59b000 	/Library/Java/JavaVirtualMachines/jdk1.8.0_281.jdk/Contents/Home/jre/lib/libjava.dylib
0x000000010c614000 	/Library/Java/JavaVirtualMachines/jdk1.8.0_281.jdk/Contents/Home/jre/lib/libinstrument.dylib
0x000000010c6b8000 	/Library/Java/JavaVirtualMachines/jdk1.8.0_281.jdk/Contents/Home/jre/lib/libzip.dylib
0x000000012d8a5000 	/Library/Java/JavaVirtualMachines/jdk1.8.0_281.jdk/Contents/Home/jre/lib/libnet.dylib
0x000000012d964000 	/Library/Java/JavaVirtualMachines/jdk1.8.0_281.jdk/Contents/Home/jre/lib/libmanagement.dylib
0x000000012d9c0000 	/Library/Java/JavaVirtualMachines/jdk1.8.0_281.jdk/Contents/Home/jre/lib/libnio.dylib

VM Arguments:
jvm_args: -XX:TieredStopAtLevel=1 -Xverify:none -Dspring.output.ansi.enabled=always -javaagent:/Applications/IntelliJ IDEA.app/Contents/lib/idea_rt.jar=49462:/Applications/IntelliJ IDEA.app/Contents/bin -Dcom.sun.management.jmxremote -Dspring.jmx.enabled=true -Dspring.liveBeansView.mbeanDomain -Dspring.application.admin.enabled=true -Dfile.encoding=UTF-8 
java_command: se.atg.service.harrykart.HarryKartApplication
java_class_path (initial): /Library/Java/JavaVirtualMachines/jdk1.8.0_281.jdk/Contents/Home/jre/lib/charsets.jar:/Library/Java/JavaVirtualMachines/jdk1.8.0_281.jdk/Contents/Home/jre/lib/deploy.jar:/Library/Java/JavaVirtualMachines/jdk1.8.0_281.jdk/Contents/Home/jre/lib/ext/cldrdata.jar:/Library/Java/JavaVirtualMachines/jdk1.8.0_281.jdk/Contents/Home/jre/lib/ext/dnsns.jar:/Library/Java/JavaVirtualMachines/jdk1.8.0_281.jdk/Contents/Home/jre/lib/ext/jaccess.jar:/Library/Java/JavaVirtualMachines/jdk1.8.0_281.jdk/Contents/Home/jre/lib/ext/jfxrt.jar:/Library/Java/JavaVirtualMachines/jdk1.8.0_281.jdk/Contents/Home/jre/lib/ext/localedata.jar:/Library/Java/JavaVirtualMachines/jdk1.8.0_281.jdk/Contents/Home/jre/lib/ext/nashorn.jar:/Library/Java/JavaVirtualMachines/jdk1.8.0_281.jdk/Contents/Home/jre/lib/ext/sunec.jar:/Library/Java/JavaVirtualMachines/jdk1.8.0_281.jdk/Contents/Home/jre/lib/ext/sunjce_provider.jar:/Library/Java/JavaVirtualMachines/jdk1.8.0_281.jdk/Contents/Home/jre/lib/ext/sunpkcs11.jar:/Library/Java/JavaVirtualMachines/jdk1.8.0_281.jdk/Contents/Home/jre/lib/ext/zipfs.jar:/Library/Java/JavaVirtualMachines/jdk1.8.0_281.jdk/Contents/Home/jre/lib/javaws.jar:/Library/Java/JavaVirtualMachines/jdk1.8.0_281.jdk/Contents/Home/jre/lib/jce.jar:/Library/Java/JavaVirtualMachines/jdk1.8.0_281.jdk/Contents/Home/jre/lib/jfr.jar:/Library/Java/JavaVirtualMachines/jdk1.8.0_281.jdk/Contents/Home/jre/lib/jfxswt.jar:/Library/Java/JavaVirtualMachines/jdk1.8.0_281.jdk/Contents/Home/jre/lib/jsse.jar:/Library/Java/JavaVirtualMachines/jdk1.8.0_281.jdk/Contents/Home/jre/lib/management-agent.jar:/Library/Java/JavaVirtualMachines/jdk1.8.0_281.jdk/Contents/Home/jre/lib/plugin.jar:/Library/Java/JavaVirtualMachines/jdk1.8.0_281.jdk/Contents/Home/jre/lib/resources.jar:/Library/Java/JavaVirtualMachines/jdk1.8.0_281.jdk/Contents/Home/jre/lib/rt.jar:/Library/Java/JavaVirtualMachines/jdk1.8.0_281.jdk/Contents/Home/lib/ant-javafx.jar:/Library/Java/JavaVirtualMachines/jdk1.8.0_281.jdk/Contents/Home
Launcher Type: SUN_STANDARD

Environment Variables:
PATH=/usr/local/bin:/usr/bin:/bin:/usr/sbin:/sbin:/Library/Apple/usr/bin
SHELL=/bin/zsh

Signal Handlers:
SIGSEGV: [libjvm.dylib+0x5a1f9b], sa_mask[0]=11111111111111111111111111111111, sa_flags=SA_ONSTACK|SA_RESTART|SA_SIGINFO
SIGBUS: [libjvm.dylib+0x5a1f9b], sa_mask[0]=11111111111111111111111111111111, sa_flags=SA_RESTART|SA_SIGINFO
SIGFPE: [libjvm.dylib+0x492701], sa_mask[0]=11111111111111111111111111111111, sa_flags=SA_RESTART|SA_SIGINFO
SIGPIPE: [libjvm.dylib+0x492701], sa_mask[0]=11111111111111111111111111111111, sa_flags=SA_RESTART|SA_SIGINFO
SIGXFSZ: [libjvm.dylib+0x492701], sa_mask[0]=11111111111111111111111111111111, sa_flags=SA_RESTART|SA_SIGINFO
SIGILL: [libjvm.dylib+0x492701], sa_mask[0]=11111111111111111111111111111111, sa_flags=SA_RESTART|SA_SIGINFO
SIGUSR1: SIG_DFL, sa_mask[0]=00000000000000000000000000000000, sa_flags=none
SIGUSR2: [libjvm.dylib+0x492ffa], sa_mask[0]=00100000000000000000000000000000, sa_flags=SA_RESTART|SA_SIGINFO
SIGHUP: [libjvm.dylib+0x491209], sa_mask[0]=11111111111111111111111111111111, sa_flags=SA_RESTART|SA_SIGINFO
SIGINT: [libjvm.dylib+0x491209], sa_mask[0]=11111111111111111111111111111111, sa_flags=SA_RESTART|SA_SIGINFO
SIGTERM: [libjvm.dylib+0x491209], sa_mask[0]=11111111111111111111111111111111, sa_flags=SA_RESTART|SA_SIGINFO
SIGQUIT: [libjvm.dylib+0x491209], sa_mask[0]=11111111111111111111111111111111, sa_flags=SA_RESTART|SA_SIGINFO


---------------  S Y S T E M  ---------------

OS:Bsduname:Darwin 20.2.0 Darwin Kernel Version 20.2.0: Wed Dec  2 20:40:21 PST 2020; root:xnu-7195.60.75~1/RELEASE_ARM64_T8101 x86_64
rlimit: STACK 8176k, CORE 0k, NPROC 2666, NOFILE 10240, AS infinity
load average:1.39 1.53 1.49

CPU:total 8 (initial active 8) (1 cores per cpu, 1 threads per core) family 6 model 44 stepping 0, cmov, cx8, fxsr, mmx, sse, sse2, sse3, ssse3, sse4.1, sse4.2, popcnt, aes, clmul, tsc, tscinvbit, tscinv

Memory: 4k page, physical 16777216k(966840k free)

/proc/meminfo:


vm_info: Java HotSpot(TM) 64-Bit Server VM (25.281-b09) for bsd-amd64 JRE (1.8.0_281-b09), built on Dec  9 2020 12:44:49 by "java_re" with gcc 4.2.1 Compatible Apple LLVM 10.0.0 (clang-1000.11.45.5)

time: Sat Mar 27 13:42:13 2021
timezone: CET
elapsed time: 10.151067 seconds (0d 0h 0m 10s)

