#
# A fatal error has been detected by the Java Runtime Environment:
#
#  SIGFPE (0x8) at pc=0x00000001115fa8c8, pid=825, tid=0x0000000000008e03
#
# JRE version: Java(TM) SE Runtime Environment (8.0_281-b09) (build 1.8.0_281-b09)
# Java VM: Java HotSpot(TM) 64-Bit Server VM (25.281-b09 mixed mode bsd-amd64 compressed oops)
# Problematic frame:
# j  se.atg.service.harrykart.service.HarryKartService2.lambda$null$2(Lse/atg/service/harrykart/model/LaneType;Lse/atg/service/harrykart/models/HorseInRace;)V+19
#
# Failed to write core dump. Core dumps have been disabled. To enable core dumping, try "ulimit -c unlimited" before starting Java again
#
# If you would like to submit a bug report, please visit:
#   http://bugreport.java.com/bugreport/crash.jsp
#

---------------  T H R E A D  ---------------

Current thread (0x00007ff0dd281800):  JavaThread "http-nio-8080-exec-2" daemon [_thread_in_Java, id=36355, stack(0x000000030be3e000,0x000000030bf3e000)]

siginfo: si_signo: 8 (SIGFPE), si_code: 5 (FPE_FLTINV), si_addr: 0x00000001115fa8c8

Registers:
RAX=0x00000000000003e8, RBX=0x000000000000006c, RCX=0x0000000000000000, RDX=0x0000000000000000
RSP=0x000000030bf3b648, RBP=0x000000030bf3b690, RSI=0x000000030bf3b5e8, RDI=0x00007ff0dd281800
R8 =0x000000012dc6f228, R9 =0x0000000000000000, R10=0x000000010ff30c70, R11=0x0000000000000000
R12=0x0000000000000000, R13=0x000000012d24c19e, R14=0x000000030bf3b6a8, R15=0x00007ff0dd281800
RIP=0x00000001115fa8c8, EFLAGS=0x0000000000000a87, ERR=0x0000000000000000
  TRAPNO=0x0000000000000000

Top of Stack: (sp=0x000000030bf3b648)
0x000000030bf3b648:   000000077108a390 000000030bf3b650
0x000000030bf3b658:   000000012d24c19b 000000030bf3b6a8
0x000000030bf3b668:   000000012dc6eac8 0000000000000000
0x000000030bf3b678:   000000012d24c1e8 0000000000000000
0x000000030bf3b688:   000000030bf3b6a0 000000030bf3b6f0
0x000000030bf3b698:   00000001115e62bd 000000077108a390
0x000000030bf3b6a8:   0000000770fc5cf8 000000030bf3b6b0
0x000000030bf3b6b8:   000000012e54a760 000000030bf3b708
0x000000030bf3b6c8:   000000012e15cc28 0000000000000000
0x000000030bf3b6d8:   000000012e54a770 000000030bf3b6a0
0x000000030bf3b6e8:   000000030bf3b700 000000030bf3b750
0x000000030bf3b6f8:   00000001115e6302 000000077108a390
0x000000030bf3b708:   0000000771097e78 000000030bf3b710
0x000000030bf3b718:   0000000129c082bf 000000030bf3b788
0x000000030bf3b728:   0000000129c088f8 0000000000000000
0x000000030bf3b738:   0000000129c082f0 000000030bf3b700
0x000000030bf3b748:   000000030bf3b780 000000030bf3b7d0
0x000000030bf3b758:   00000001115e6302 0000000000000000
0x000000030bf3b768:   0000000000000004 000000077108a3c8
0x000000030bf3b778:   0000000000000004 0000000771097e78
0x000000030bf3b788:   000000077108a338 000000030bf3b790
0x000000030bf3b798:   000000012d24c0cf 000000030bf3b7e8
0x000000030bf3b7a8:   000000012dc6eac8 0000000000000000
0x000000030bf3b7b8:   000000012d24c100 000000030bf3b780
0x000000030bf3b7c8:   000000030bf3b7e0 000000030bf3b830
0x000000030bf3b7d8:   00000001115e62bd 0000000770fc5cf8
0x000000030bf3b7e8:   000000077108a338 000000030bf3b7f0
0x000000030bf3b7f8:   000000012e54a360 000000030bf3b848
0x000000030bf3b808:   000000012e15dc28 0000000000000000
0x000000030bf3b818:   000000012e54a370 000000030bf3b7e0
0x000000030bf3b828:   000000030bf3b840 000000030bf3b890
0x000000030bf3b838:   00000001115e6302 0000000770fc5cf8 

Instructions: (pc=0x00000001115fa8c8)
0x00000001115fa8a8:   c8 8b 04 24 48 83 c4 08 81 f8 00 00 00 80 0f 85
0x00000001115fa8b8:   0b 00 00 00 33 d2 83 f9 ff 0f 84 03 00 00 00 99
0x00000001115fa8c8:   f7 f9 41 0f b6 5d 01 49 ff c5 49 ba 70 0c f3 0f
0x00000001115fa8d8:   01 00 00 00 41 ff 24 da 80 00 00 00 00 00 00 00 

Register to memory mapping:

RAX=0x00000000000003e8 is an unknown value
RBX=0x000000000000006c is an unknown value
RCX=0x0000000000000000 is an unknown value
RDX=0x0000000000000000 is an unknown value
RSP=0x000000030bf3b648 is pointing into the stack for thread: 0x00007ff0dd281800
RBP=0x000000030bf3b690 is pointing into the stack for thread: 0x00007ff0dd281800
RSI=0x000000030bf3b5e8 is pointing into the stack for thread: 0x00007ff0dd281800
RDI=0x00007ff0dd281800 is a thread
R8 =0x000000012dc6f228 is pointing into metadata
R9 =0x0000000000000000 is an unknown value
R10=0x000000010ff30c70: _ZN19TemplateInterpreter13_active_tableE+0x2000 in /Library/Java/JavaVirtualMachines/jdk1.8.0_281.jdk/Contents/Home/jre/lib/server/libjvm.dylib at 0x000000010f800000
R11=0x0000000000000000 is an unknown value
R12=0x0000000000000000 is an unknown value
R13=0x000000012d24c19e is pointing into metadata
R14=0x000000030bf3b6a8 is pointing into the stack for thread: 0x00007ff0dd281800
R15=0x00007ff0dd281800 is a thread


Stack: [0x000000030be3e000,0x000000030bf3e000],  sp=0x000000030bf3b648,  free space=1013k
Native frames: (J=compiled Java code, j=interpreted, Vv=VM code, C=native code)
j  se.atg.service.harrykart.service.HarryKartService2.lambda$null$2(Lse/atg/service/harrykart/model/LaneType;Lse/atg/service/harrykart/models/HorseInRace;)V+19
j  se.atg.service.harrykart.service.HarryKartService2$$Lambda$565.accept(Ljava/lang/Object;)V+8
j  java.util.ArrayList.forEach(Ljava/util/function/Consumer;)V+47
j  se.atg.service.harrykart.service.HarryKartService2.lambda$startRacing$3(Ljava/util/List;Lse/atg/service/harrykart/model/LaneType;)V+7
j  se.atg.service.harrykart.service.HarryKartService2$$Lambda$564.accept(Ljava/lang/Object;)V+8
j  java.util.ArrayList.forEach(Ljava/util/function/Consumer;)V+47
j  se.atg.service.harrykart.service.HarryKartService2.startRacing(Lse/atg/service/harrykart/model/HarryKartType;Ljava/util/List;Ljava/util/List;II)Ljava/util/List;+46
j  se.atg.service.harrykart.service.HarryKartService2.play(Lse/atg/service/harrykart/model/HarryKartType;)Lse/atg/service/harrykart/model/ResultResponseType;+29
j  se.atg.service.harrykart.rest.HarryKartController.playHarryKart(Lse/atg/service/harrykart/model/HarryKartType;)Lse/atg/service/harrykart/model/ResultResponseType;+5
v  ~StubRoutines::call_stub
V  [libjvm.dylib+0x2d5599]  JavaCalls::call_helper(JavaValue*, methodHandle*, JavaCallArguments*, Thread*)+0x771
V  [libjvm.dylib+0x4db2ab]  Reflection::invoke(instanceKlassHandle, methodHandle, Handle, bool, objArrayHandle, BasicType, objArrayHandle, bool, Thread*)+0x75b
V  [libjvm.dylib+0x4dbf7a]  Reflection::invoke_method(oopDesc*, Handle, objArrayHandle, Thread*)+0x186
V  [libjvm.dylib+0x3471e9]  JVM_InvokeMethod+0x211
J 1766  sun.reflect.NativeMethodAccessorImpl.invoke0(Ljava/lang/reflect/Method;Ljava/lang/Object;[Ljava/lang/Object;)Ljava/lang/Object; (0 bytes) @ 0x000000011199df6d [0x000000011199de80+0xed]
J 1765 C1 sun.reflect.NativeMethodAccessorImpl.invoke(Ljava/lang/Object;[Ljava/lang/Object;)Ljava/lang/Object; (104 bytes) @ 0x000000011199e64c [0x000000011199e2a0+0x3ac]
J 1767 C1 sun.reflect.DelegatingMethodAccessorImpl.invoke(Ljava/lang/Object;[Ljava/lang/Object;)Ljava/lang/Object; (10 bytes) @ 0x000000011199eec4 [0x000000011199ee80+0x44]
J 1646 C1 java.lang.reflect.Method.invoke(Ljava/lang/Object;[Ljava/lang/Object;)Ljava/lang/Object; (62 bytes) @ 0x0000000111962624 [0x0000000111962520+0x104]
j  org.springframework.web.method.support.InvocableHandlerMethod.doInvoke([Ljava/lang/Object;)Ljava/lang/Object;+32
j  org.springframework.web.method.support.InvocableHandlerMethod.invokeForRequest(Lorg/springframework/web/context/request/NativeWebRequest;Lorg/springframework/web/method/support/ModelAndViewContainer;[Ljava/lang/Object;)Ljava/lang/Object;+54
j  org.springframework.web.servlet.mvc.method.annotation.ServletInvocableHandlerMethod.invokeAndHandle(Lorg/springframework/web/context/request/ServletWebRequest;Lorg/springframework/web/method/support/ModelAndViewContainer;[Ljava/lang/Object;)V+4
j  org.springframework.web.servlet.mvc.method.annotation.RequestMappingHandlerAdapter.invokeHandlerMethod(Ljavax/servlet/http/HttpServletRequest;Ljavax/servlet/http/HttpServletResponse;Lorg/springframework/web/method/HandlerMethod;)Lorg/springframework/web/servlet/ModelAndView;+244
j  org.springframework.web.servlet.mvc.method.annotation.RequestMappingHandlerAdapter.handleInternal(Ljavax/servlet/http/HttpServletRequest;Ljavax/servlet/http/HttpServletResponse;Lorg/springframework/web/method/HandlerMethod;)Lorg/springframework/web/servlet/ModelAndView;+81
j  org.springframework.web.servlet.mvc.method.AbstractHandlerMethodAdapter.handle(Ljavax/servlet/http/HttpServletRequest;Ljavax/servlet/http/HttpServletResponse;Ljava/lang/Object;)Lorg/springframework/web/servlet/ModelAndView;+7
j  org.springframework.web.servlet.DispatcherServlet.doDispatch(Ljavax/servlet/http/HttpServletRequest;Ljavax/servlet/http/HttpServletResponse;)V+257
j  org.springframework.web.servlet.DispatcherServlet.doService(Ljavax/servlet/http/HttpServletRequest;Ljavax/servlet/http/HttpServletResponse;)V+241
j  org.springframework.web.servlet.FrameworkServlet.processRequest(Ljavax/servlet/http/HttpServletRequest;Ljavax/servlet/http/HttpServletResponse;)V+71
j  org.springframework.web.servlet.FrameworkServlet.doPost(Ljavax/servlet/http/HttpServletRequest;Ljavax/servlet/http/HttpServletResponse;)V+3
j  javax.servlet.http.HttpServlet.service(Ljavax/servlet/http/HttpServletRequest;Ljavax/servlet/http/HttpServletResponse;)V+149
j  org.springframework.web.servlet.FrameworkServlet.service(Ljavax/servlet/http/HttpServletRequest;Ljavax/servlet/http/HttpServletResponse;)V+33
j  javax.servlet.http.HttpServlet.service(Ljavax/servlet/ServletRequest;Ljavax/servlet/ServletResponse;)V+36
j  org.apache.catalina.core.ApplicationFilterChain.internalDoFilter(Ljavax/servlet/ServletRequest;Ljavax/servlet/ServletResponse;)V+304
j  org.apache.catalina.core.ApplicationFilterChain.doFilter(Ljavax/servlet/ServletRequest;Ljavax/servlet/ServletResponse;)V+99
j  org.apache.tomcat.websocket.server.WsFilter.doFilter(Ljavax/servlet/ServletRequest;Ljavax/servlet/ServletResponse;Ljavax/servlet/FilterChain;)V+21
j  org.apache.catalina.core.ApplicationFilterChain.internalDoFilter(Ljavax/servlet/ServletRequest;Ljavax/servlet/ServletResponse;)V+135
j  org.apache.catalina.core.ApplicationFilterChain.doFilter(Ljavax/servlet/ServletRequest;Ljavax/servlet/ServletResponse;)V+99
j  org.springframework.web.filter.RequestContextFilter.doFilterInternal(Ljavax/servlet/http/HttpServletRequest;Ljavax/servlet/http/HttpServletResponse;Ljavax/servlet/FilterChain;)V+21
j  org.springframework.web.filter.OncePerRequestFilter.doFilter(Ljavax/servlet/ServletRequest;Ljavax/servlet/ServletResponse;Ljavax/servlet/FilterChain;)V+147
j  org.apache.catalina.core.ApplicationFilterChain.internalDoFilter(Ljavax/servlet/ServletRequest;Ljavax/servlet/ServletResponse;)V+135
j  org.apache.catalina.core.ApplicationFilterChain.doFilter(Ljavax/servlet/ServletRequest;Ljavax/servlet/ServletResponse;)V+99
j  org.springframework.web.filter.FormContentFilter.doFilterInternal(Ljavax/servlet/http/HttpServletRequest;Ljavax/servlet/http/HttpServletResponse;Ljavax/servlet/FilterChain;)V+38
j  org.springframework.web.filter.OncePerRequestFilter.doFilter(Ljavax/servlet/ServletRequest;Ljavax/servlet/ServletResponse;Ljavax/servlet/FilterChain;)V+147
j  org.apache.catalina.core.ApplicationFilterChain.internalDoFilter(Ljavax/servlet/ServletRequest;Ljavax/servlet/ServletResponse;)V+135
j  org.apache.catalina.core.ApplicationFilterChain.doFilter(Ljavax/servlet/ServletRequest;Ljavax/servlet/ServletResponse;)V+99
j  org.springframework.web.filter.CharacterEncodingFilter.doFilterInternal(Ljavax/servlet/http/HttpServletRequest;Ljavax/servlet/http/HttpServletResponse;Ljavax/servlet/FilterChain;)V+53
j  org.springframework.web.filter.OncePerRequestFilter.doFilter(Ljavax/servlet/ServletRequest;Ljavax/servlet/ServletResponse;Ljavax/servlet/FilterChain;)V+147
j  org.apache.catalina.core.ApplicationFilterChain.internalDoFilter(Ljavax/servlet/ServletRequest;Ljavax/servlet/ServletResponse;)V+135
j  org.apache.catalina.core.ApplicationFilterChain.doFilter(Ljavax/servlet/ServletRequest;Ljavax/servlet/ServletResponse;)V+99
j  org.apache.catalina.core.StandardWrapperValve.invoke(Lorg/apache/catalina/connector/Request;Lorg/apache/catalina/connector/Response;)V+694
j  org.apache.catalina.core.StandardContextValve.invoke(Lorg/apache/catalina/connector/Request;Lorg/apache/catalina/connector/Response;)V+169
j  org.apache.catalina.authenticator.AuthenticatorBase.invoke(Lorg/apache/catalina/connector/Request;Lorg/apache/catalina/connector/Response;)V+260
j  org.apache.catalina.core.StandardHostValve.invoke(Lorg/apache/catalina/connector/Request;Lorg/apache/catalina/connector/Response;)V+128
j  org.apache.catalina.valves.ErrorReportValve.invoke(Lorg/apache/catalina/connector/Request;Lorg/apache/catalina/connector/Response;)V+6
j  org.apache.catalina.core.StandardEngineValve.invoke(Lorg/apache/catalina/connector/Request;Lorg/apache/catalina/connector/Response;)V+59
j  org.apache.catalina.connector.CoyoteAdapter.service(Lorg/apache/coyote/Request;Lorg/apache/coyote/Response;)V+199
j  org.apache.coyote.http11.Http11Processor.service(Lorg/apache/tomcat/util/net/SocketWrapperBase;)Lorg/apache/tomcat/util/net/AbstractEndpoint$Handler$SocketState;+737
j  org.apache.coyote.AbstractProcessorLight.process(Lorg/apache/tomcat/util/net/SocketWrapperBase;Lorg/apache/tomcat/util/net/SocketEvent;)Lorg/apache/tomcat/util/net/AbstractEndpoint$Handler$SocketState;+170
j  org.apache.coyote.AbstractProtocol$ConnectionHandler.process(Lorg/apache/tomcat/util/net/SocketWrapperBase;Lorg/apache/tomcat/util/net/SocketEvent;)Lorg/apache/tomcat/util/net/AbstractEndpoint$Handler$SocketState;+505
j  org.apache.tomcat.util.net.NioEndpoint$SocketProcessor.doRun()V+216
j  org.apache.tomcat.util.net.SocketProcessorBase.run()V+21
j  java.util.concurrent.ThreadPoolExecutor.runWorker(Ljava/util/concurrent/ThreadPoolExecutor$Worker;)V+95
j  java.util.concurrent.ThreadPoolExecutor$Worker.run()V+5
j  org.apache.tomcat.util.threads.TaskThread$WrappingRunnable.run()V+4
j  java.lang.Thread.run()V+11
v  ~StubRoutines::call_stub
V  [libjvm.dylib+0x2d5599]  JavaCalls::call_helper(JavaValue*, methodHandle*, JavaCallArguments*, Thread*)+0x771
V  [libjvm.dylib+0x2d4264]  JavaCalls::call_virtual(JavaValue*, KlassHandle, Symbol*, Symbol*, JavaCallArguments*, Thread*)+0x14a
V  [libjvm.dylib+0x2d447f]  JavaCalls::call_virtual(JavaValue*, Handle, KlassHandle, Symbol*, Symbol*, Thread*)+0x57
V  [libjvm.dylib+0x342b21]  thread_entry(JavaThread*, Thread*)+0x78
V  [libjvm.dylib+0x5653f2]  JavaThread::thread_main_inner()+0x82
V  [libjvm.dylib+0x5652b7]  JavaThread::run()+0x19d
V  [libjvm.dylib+0x490329]  java_start(Thread*)+0xfa
C  [libsystem_pthread.dylib+0x6950]  _pthread_start+0xe0
C  [libsystem_pthread.dylib+0x247b]  thread_start+0xf
C  0x0000000000000000


---------------  P R O C E S S  ---------------

Java Threads: ( => current thread )
  0x00007ff0dd2b5800 JavaThread "RMI TCP Connection(4)-192.168.0.54" daemon [_thread_in_native, id=86023, stack(0x000000030cb65000,0x000000030cc65000)]
  0x00007ff0dd2af800 JavaThread "RMI TCP Connection(idle)" daemon [_thread_blocked, id=86279, stack(0x000000030ca62000,0x000000030cb62000)]
  0x00007ff0db808800 JavaThread "RMI TCP Connection(idle)" daemon [_thread_blocked, id=86659, stack(0x000000030c95f000,0x000000030ca5f000)]
  0x00007ff0dd2af000 JavaThread "DestroyJavaVM" [_thread_blocked, id=9987, stack(0x0000000309fd9000,0x000000030a0d9000)]
  0x00007ff0dd2ae000 JavaThread "http-nio-8080-Acceptor" daemon [_thread_in_native, id=33283, stack(0x000000030c85c000,0x000000030c95c000)]
  0x00007ff0dba80800 JavaThread "http-nio-8080-ClientPoller" daemon [_thread_in_native, id=34051, stack(0x000000030c759000,0x000000030c859000)]
  0x00007ff0dd2ad800 JavaThread "http-nio-8080-exec-10" daemon [_thread_blocked, id=32515, stack(0x000000030c656000,0x000000030c756000)]
  0x00007ff0dba69000 JavaThread "http-nio-8080-exec-9" daemon [_thread_blocked, id=32259, stack(0x000000030c553000,0x000000030c653000)]
  0x00007ff0db863000 JavaThread "http-nio-8080-exec-8" daemon [_thread_blocked, id=32003, stack(0x000000030c450000,0x000000030c550000)]
  0x00007ff0db862000 JavaThread "http-nio-8080-exec-7" daemon [_thread_blocked, id=34819, stack(0x000000030c34d000,0x000000030c44d000)]
  0x00007ff0dd282800 JavaThread "http-nio-8080-exec-6" daemon [_thread_blocked, id=35075, stack(0x000000030c24a000,0x000000030c34a000)]
  0x00007ff0dba73000 JavaThread "http-nio-8080-exec-5" daemon [_thread_blocked, id=35587, stack(0x000000030c147000,0x000000030c247000)]
  0x00007ff0dba72800 JavaThread "http-nio-8080-exec-4" daemon [_thread_blocked, id=30979, stack(0x000000030c044000,0x000000030c144000)]
  0x00007ff0db866800 JavaThread "http-nio-8080-exec-3" daemon [_thread_blocked, id=35843, stack(0x000000030bf41000,0x000000030c041000)]
=>0x00007ff0dd281800 JavaThread "http-nio-8080-exec-2" daemon [_thread_in_Java, id=36355, stack(0x000000030be3e000,0x000000030bf3e000)]
  0x00007ff0dd274000 JavaThread "http-nio-8080-exec-1" daemon [_thread_blocked, id=36867, stack(0x000000030bd3b000,0x000000030be3b000)]
  0x00007ff0dd27e800 JavaThread "http-nio-8080-BlockPoller" daemon [_thread_in_native, id=30183, stack(0x000000030bc38000,0x000000030bd38000)]
  0x00007ff0dd25c800 JavaThread "container-0" [_thread_blocked, id=37387, stack(0x000000030bb35000,0x000000030bc35000)]
  0x00007ff0db838000 JavaThread "Catalina-utility-2" [_thread_blocked, id=29443, stack(0x000000030ba32000,0x000000030bb32000)]
  0x00007ff0dd257800 JavaThread "Catalina-utility-1" [_thread_blocked, id=28495, stack(0x000000030b92f000,0x000000030ba2f000)]
  0x00007ff0dd248000 JavaThread "RMI Scheduler(0)" daemon [_thread_blocked, id=37891, stack(0x000000030b82c000,0x000000030b92c000)]
  0x00007ff0dd246800 JavaThread "RMI TCP Connection(idle)" daemon [_thread_blocked, id=38435, stack(0x000000030b729000,0x000000030b829000)]
  0x00007ff0db9fa000 JavaThread "Attach Listener" daemon [_thread_blocked, id=26143, stack(0x000000030b626000,0x000000030b726000)]
  0x00007ff0db921800 JavaThread "RMI TCP Accept-0" daemon [_thread_in_native, id=40531, stack(0x000000030b420000,0x000000030b520000)]
  0x00007ff0dd0e5000 JavaThread "Service Thread" daemon [_thread_blocked, id=41491, stack(0x000000030b31d000,0x000000030b41d000)]
  0x00007ff0bb012800 JavaThread "C1 CompilerThread3" daemon [_thread_blocked, id=42243, stack(0x000000030b21a000,0x000000030b31a000)]
  0x00007ff0dd0c1800 JavaThread "C2 CompilerThread2" daemon [_thread_blocked, id=24067, stack(0x000000030b117000,0x000000030b217000)]
  0x00007ff0ab808800 JavaThread "C2 CompilerThread1" daemon [_thread_blocked, id=23811, stack(0x000000030b014000,0x000000030b114000)]
  0x00007ff0db86a800 JavaThread "C2 CompilerThread0" daemon [_thread_blocked, id=23299, stack(0x000000030af11000,0x000000030b011000)]
  0x00007ff0dd0bf800 JavaThread "Monitor Ctrl-Break" daemon [_thread_in_native, id=23051, stack(0x000000030ae0e000,0x000000030af0e000)]
  0x00007ff0dd056800 JavaThread "Signal Dispatcher" daemon [_thread_blocked, id=22531, stack(0x000000030ad0b000,0x000000030ae0b000)]
  0x00007ff0dd04c800 JavaThread "Finalizer" daemon [_thread_blocked, id=13855, stack(0x000000030aafa000,0x000000030abfa000)]
  0x00007ff0db80b800 JavaThread "Reference Handler" daemon [_thread_blocked, id=13347, stack(0x000000030a9f7000,0x000000030aaf7000)]

Other Threads:
  0x00007ff0dc013800 VMThread [stack: 0x000000030a8f4000,0x000000030a9f4000] [id=18691]
  0x00007ff0db90b000 WatcherThread [stack: 0x000000030b523000,0x000000030b623000] [id=25671]

VM state:not at safepoint (normal execution)

VM Mutex/Monitor currently owned by a thread: None

heap address: 0x00000006c0000000, size: 4096 MB, Compressed Oops mode: Zero based, Oop shift amount: 3
Narrow klass base: 0x0000000000000000, Narrow klass shift: 3
Compressed class space size: 1073741824 Address: 0x00000007c0000000

Heap:
 PSYoungGen      total 141824K, used 104891K [0x000000076ab00000, 0x000000077c000000, 0x00000007c0000000)
  eden space 131072K, 80% used [0x000000076ab00000,0x000000077116eed0,0x0000000772b00000)
  from space 10752K, 0% used [0x0000000772b00000,0x0000000772b00000,0x0000000773580000)
  to   space 10752K, 0% used [0x000000077b580000,0x000000077b580000,0x000000077c000000)
 ParOldGen       total 80896K, used 5920K [0x00000006c0000000, 0x00000006c4f00000, 0x000000076ab00000)
  object space 80896K, 7% used [0x00000006c0000000,0x00000006c05c8248,0x00000006c4f00000)
 Metaspace       used 30918K, capacity 32974K, committed 33280K, reserved 1077248K
  class space    used 4169K, capacity 4552K, committed 4608K, reserved 1048576K

Card table byte_map: [0x00000001205de000,0x0000000120ddf000] byte_map_base: 0x000000011cfde000

Marking Bits: (ParMarkBitMap*) 0x000000010ff28488
 Begin Bits: [0x0000000121335000, 0x0000000125335000)
 End Bits:   [0x0000000125335000, 0x0000000129335000)

Polling page: 0x000000010b132000

CodeCache: size=245760Kb used=5536Kb max_used=5536Kb free=240223Kb
 bounds [0x00000001115de000, 0x0000000111b4e000, 0x00000001205de000]
 total_blobs=3153 nmethods=2732 adapters=334
 compilation: enabled

Compilation events (10 events):
Event: 7.674 Thread 0x00007ff0bb012800 nmethod 2727 0x0000000111b447d0 code [0x0000000111b44940, 0x0000000111b44b58]
Event: 7.674 Thread 0x00007ff0bb012800 2729       1       java.lang.ThreadLocal$ThreadLocalMap::cleanSomeSlots (60 bytes)
Event: 7.675 Thread 0x00007ff0bb012800 nmethod 2729 0x0000000111b44c50 code [0x0000000111b44dc0, 0x0000000111b44fa8]
Event: 7.675 Thread 0x00007ff0bb012800 2728       1       java.lang.ThreadLocal::setInitialValue (36 bytes)
Event: 7.675 Thread 0x00007ff0bb012800 nmethod 2728 0x0000000111b45110 code [0x0000000111b452a0, 0x0000000111b45498]
Event: 7.682 Thread 0x00007ff0bb012800 2730       1       java.lang.Class::getDeclaredConstructors (18 bytes)
Event: 7.682 Thread 0x00007ff0bb012800 nmethod 2730 0x0000000111b455d0 code [0x0000000111b45760, 0x0000000111b458f8]
Event: 7.682 Thread 0x00007ff0bb012800 2731       1       java.util.stream.ReferencePipeline::map (26 bytes)
Event: 7.682 Thread 0x00007ff0bb012800 nmethod 2731 0x0000000111b459d0 code [0x0000000111b45b40, 0x0000000111b45df8]
Event: 7.682 Thread 0x00007ff0bb012800 2732       1       java.util.stream.ReferencePipeline$3::<init> (20 bytes)

GC Heap History (8 events):
Event: 0.837 GC heap before
{Heap before GC invocations=1 (full 0):
 PSYoungGen      total 76288K, used 65536K [0x000000076ab00000, 0x0000000770000000, 0x00000007c0000000)
  eden space 65536K, 100% used [0x000000076ab00000,0x000000076eb00000,0x000000076eb00000)
  from space 10752K, 0% used [0x000000076f580000,0x000000076f580000,0x0000000770000000)
  to   space 10752K, 0% used [0x000000076eb00000,0x000000076eb00000,0x000000076f580000)
 ParOldGen       total 175104K, used 0K [0x00000006c0000000, 0x00000006cab00000, 0x000000076ab00000)
  object space 175104K, 0% used [0x00000006c0000000,0x00000006c0000000,0x00000006cab00000)
 Metaspace       used 15048K, capacity 15744K, committed 16000K, reserved 1062912K
  class space    used 1945K, capacity 2130K, committed 2176K, reserved 1048576K
Event: 0.851 GC heap after
Heap after GC invocations=1 (full 0):
 PSYoungGen      total 76288K, used 8468K [0x000000076ab00000, 0x0000000774000000, 0x00000007c0000000)
  eden space 65536K, 0% used [0x000000076ab00000,0x000000076ab00000,0x000000076eb00000)
  from space 10752K, 78% used [0x000000076eb00000,0x000000076f3452c0,0x000000076f580000)
  to   space 10752K, 0% used [0x0000000773580000,0x0000000773580000,0x0000000774000000)
 ParOldGen       total 175104K, used 8K [0x00000006c0000000, 0x00000006cab00000, 0x000000076ab00000)
  object space 175104K, 0% used [0x00000006c0000000,0x00000006c0002000,0x00000006cab00000)
 Metaspace       used 15048K, capacity 15744K, committed 16000K, reserved 1062912K
  class space    used 1945K, capacity 2130K, committed 2176K, reserved 1048576K
}
Event: 1.387 GC heap before
{Heap before GC invocations=2 (full 0):
 PSYoungGen      total 76288K, used 74004K [0x000000076ab00000, 0x0000000774000000, 0x00000007c0000000)
  eden space 65536K, 100% used [0x000000076ab00000,0x000000076eb00000,0x000000076eb00000)
  from space 10752K, 78% used [0x000000076eb00000,0x000000076f3452c0,0x000000076f580000)
  to   space 10752K, 0% used [0x0000000773580000,0x0000000773580000,0x0000000774000000)
 ParOldGen       total 175104K, used 8K [0x00000006c0000000, 0x00000006cab00000, 0x000000076ab00000)
  object space 175104K, 0% used [0x00000006c0000000,0x00000006c0002000,0x00000006cab00000)
 Metaspace       used 19972K, capacity 21032K, committed 21120K, reserved 1067008K
  class space    used 2661K, capacity 2900K, committed 2944K, reserved 1048576K
Event: 1.406 GC heap after
Heap after GC invocations=2 (full 0):
 PSYoungGen      total 141824K, used 10746K [0x000000076ab00000, 0x0000000774000000, 0x00000007c0000000)
  eden space 131072K, 0% used [0x000000076ab00000,0x000000076ab00000,0x0000000772b00000)
  from space 10752K, 99% used [0x0000000773580000,0x0000000773ffeb60,0x0000000774000000)
  to   space 10752K, 0% used [0x0000000772b00000,0x0000000772b00000,0x0000000773580000)
 ParOldGen       total 175104K, used 64K [0x00000006c0000000, 0x00000006cab00000, 0x000000076ab00000)
  object space 175104K, 0% used [0x00000006c0000000,0x00000006c00103f8,0x00000006cab00000)
 Metaspace       used 19972K, capacity 21032K, committed 21120K, reserved 1067008K
  class space    used 2661K, capacity 2900K, committed 2944K, reserved 1048576K
}
Event: 1.473 GC heap before
{Heap before GC invocations=3 (full 0):
 PSYoungGen      total 141824K, used 16181K [0x000000076ab00000, 0x0000000774000000, 0x00000007c0000000)
  eden space 131072K, 4% used [0x000000076ab00000,0x000000076b04e8d0,0x0000000772b00000)
  from space 10752K, 99% used [0x0000000773580000,0x0000000773ffeb60,0x0000000774000000)
  to   space 10752K, 0% used [0x0000000772b00000,0x0000000772b00000,0x0000000773580000)
 ParOldGen       total 175104K, used 64K [0x00000006c0000000, 0x00000006cab00000, 0x000000076ab00000)
  object space 175104K, 0% used [0x00000006c0000000,0x00000006c00103f8,0x00000006cab00000)
 Metaspace       used 20209K, capacity 21268K, committed 21296K, reserved 1067008K
  class space    used 2697K, capacity 2934K, committed 2944K, reserved 1048576K
Event: 1.489 GC heap after
Heap after GC invocations=3 (full 0):
 PSYoungGen      total 141824K, used 6067K [0x000000076ab00000, 0x000000077c000000, 0x00000007c0000000)
  eden space 131072K, 0% used [0x000000076ab00000,0x000000076ab00000,0x0000000772b00000)
  from space 10752K, 56% used [0x0000000772b00000,0x00000007730ecc90,0x0000000773580000)
  to   space 10752K, 0% used [0x000000077b580000,0x000000077b580000,0x000000077c000000)
 ParOldGen       total 175104K, used 72K [0x00000006c0000000, 0x00000006cab00000, 0x000000076ab00000)
  object space 175104K, 0% used [0x00000006c0000000,0x00000006c00123f8,0x00000006cab00000)
 Metaspace       used 20209K, capacity 21268K, committed 21296K, reserved 1067008K
  class space    used 2697K, capacity 2934K, committed 2944K, reserved 1048576K
}
Event: 1.489 GC heap before
{Heap before GC invocations=4 (full 1):
 PSYoungGen      total 141824K, used 6067K [0x000000076ab00000, 0x000000077c000000, 0x00000007c0000000)
  eden space 131072K, 0% used [0x000000076ab00000,0x000000076ab00000,0x0000000772b00000)
  from space 10752K, 56% used [0x0000000772b00000,0x00000007730ecc90,0x0000000773580000)
  to   space 10752K, 0% used [0x000000077b580000,0x000000077b580000,0x000000077c000000)
 ParOldGen       total 175104K, used 72K [0x00000006c0000000, 0x00000006cab00000, 0x000000076ab00000)
  object space 175104K, 0% used [0x00000006c0000000,0x00000006c00123f8,0x00000006cab00000)
 Metaspace       used 20209K, capacity 21268K, committed 21296K, reserved 1067008K
  class space    used 2697K, capacity 2934K, committed 2944K, reserved 1048576K
Event: 1.508 GC heap after
Heap after GC invocations=4 (full 1):
 PSYoungGen      total 141824K, used 0K [0x000000076ab00000, 0x000000077c000000, 0x00000007c0000000)
  eden space 131072K, 0% used [0x000000076ab00000,0x000000076ab00000,0x0000000772b00000)
  from space 10752K, 0% used [0x0000000772b00000,0x0000000772b00000,0x0000000773580000)
  to   space 10752K, 0% used [0x000000077b580000,0x000000077b580000,0x000000077c000000)
 ParOldGen       total 80896K, used 5920K [0x00000006c0000000, 0x00000006c4f00000, 0x000000076ab00000)
  object space 80896K, 7% used [0x00000006c0000000,0x00000006c05c8248,0x00000006c4f00000)
 Metaspace       used 20209K, capacity 21268K, committed 21296K, reserved 1067008K
  class space    used 2697K, capacity 2934K, committed 2944K, reserved 1048576K
}

Deoptimization events (0 events):
No events

Classes redefined (0 events):
No events

Internal exceptions (10 events):
Event: 2.219 Thread 0x00007ff0db808800 Exception <a 'java/lang/ArrayIndexOutOfBoundsException'> (0x000000076f7f4830) thrown at [/jenkins/workspace/8-2-build-macosx-x86_64/jdk8u281/880/hotspot/src/share/vm/runtime/sharedRuntime.cpp, line 609]
Event: 2.219 Thread 0x00007ff0db808800 Exception <a 'java/lang/ArrayIndexOutOfBoundsException'> (0x000000076f7f60f8) thrown at [/jenkins/workspace/8-2-build-macosx-x86_64/jdk8u281/880/hotspot/src/share/vm/runtime/sharedRuntime.cpp, line 609]
Event: 2.237 Thread 0x00007ff0db808800 Exception <a 'java/lang/ArrayIndexOutOfBoundsException'> (0x000000076fb12288) thrown at [/jenkins/workspace/8-2-build-macosx-x86_64/jdk8u281/880/hotspot/src/share/vm/runtime/sharedRuntime.cpp, line 609]
Event: 2.237 Thread 0x00007ff0db808800 Exception <a 'java/lang/ArrayIndexOutOfBoundsException'> (0x000000076fb14590) thrown at [/jenkins/workspace/8-2-build-macosx-x86_64/jdk8u281/880/hotspot/src/share/vm/runtime/sharedRuntime.cpp, line 609]
Event: 2.239 Thread 0x00007ff0db808800 Exception <a 'java/lang/ArrayIndexOutOfBoundsException'> (0x000000076fb27568) thrown at [/jenkins/workspace/8-2-build-macosx-x86_64/jdk8u281/880/hotspot/src/share/vm/runtime/sharedRuntime.cpp, line 609]
Event: 7.622 Thread 0x00007ff0dd281800 Exception <a 'java/lang/ClassNotFoundException': com/sun/org/glassfish/hk2/osgiresourcelocator/ServiceLoader> (0x0000000770d68f48) thrown at [/jenkins/workspace/8-2-build-macosx-x86_64/jdk8u281/880/hotspot/src/share/vm/classfile/systemDictionary.cpp, line
Event: 7.625 Thread 0x00007ff0dd281800 Exception <a 'java/lang/NullPointerException'> (0x0000000770d988e8) thrown at [/jenkins/workspace/8-2-build-macosx-x86_64/jdk8u281/880/hotspot/src/share/vm/interpreter/linkResolver.cpp, line 1287]
Event: 7.653 Thread 0x00007ff0dd281800 Exception <a 'java/lang/ArrayIndexOutOfBoundsException'> (0x0000000770e5ae28) thrown at [/jenkins/workspace/8-2-build-macosx-x86_64/jdk8u281/880/hotspot/src/share/vm/runtime/sharedRuntime.cpp, line 609]
Event: 7.653 Thread 0x00007ff0dd281800 Exception <a 'java/lang/ArrayIndexOutOfBoundsException'> (0x0000000770e66bc0) thrown at [/jenkins/workspace/8-2-build-macosx-x86_64/jdk8u281/880/hotspot/src/share/vm/runtime/sharedRuntime.cpp, line 609]
Event: 7.654 Thread 0x00007ff0dd281800 Exception <a 'java/lang/ArrayIndexOutOfBoundsException'> (0x0000000770e80a98) thrown at [/jenkins/workspace/8-2-build-macosx-x86_64/jdk8u281/880/hotspot/src/share/vm/runtime/sharedRuntime.cpp, line 609]

Events (10 events):
Event: 7.682 loading class se/atg/service/harrykart/model/LoopType
Event: 7.682 loading class se/atg/service/harrykart/model/LoopType done
Event: 7.682 loading class se/atg/service/harrykart/model/LaneType
Event: 7.682 loading class se/atg/service/harrykart/model/LaneType done
Event: 7.682 loading class se/atg/service/harrykart/model/LaneType
Event: 7.682 loading class se/atg/service/harrykart/model/LaneType done
Event: 7.682 loading class se/atg/service/harrykart/models/HorseInRace
Event: 7.682 loading class se/atg/service/harrykart/models/HorseInRace done
Event: 7.682 loading class se/atg/service/harrykart/model/LaneType
Event: 7.682 loading class se/atg/service/harrykart/model/LaneType done


Dynamic libraries:
0x00007ffdffd08000 	/Library/Apple/usr/libexec/oah/runtime
0x00007fff352a2000 	/System/Library/Frameworks/Cocoa.framework/Versions/A/Cocoa
0x00007fff22161000 	/System/Library/Frameworks/Security.framework/Versions/A/Security
0x00007fff334a1000 	/System/Library/Frameworks/ApplicationServices.framework/Versions/A/ApplicationServices
0x00007fff2a604000 	/usr/lib/libz.1.dylib
0x00007fff2a6d0000 	/usr/lib/libSystem.B.dylib
0x00007fff203f4000 	/System/Library/Frameworks/CoreFoundation.framework/Versions/A/CoreFoundation
0x00007fff210d6000 	/System/Library/Frameworks/Foundation.framework/Versions/C/Foundation
0x00007fff20213000 	/usr/lib/libobjc.A.dylib
0x00007fff22b87000 	/System/Library/Frameworks/AppKit.framework/Versions/C/AppKit
0x00007fff25a43000 	/System/Library/Frameworks/CoreData.framework/Versions/A/CoreData
0x00007fff238ea000 	/System/Library/PrivateFrameworks/UIFoundation.framework/Versions/A/UIFoundation
0x00007fff2fe85000 	/System/Library/PrivateFrameworks/RemoteViewServices.framework/Versions/A/RemoteViewServices
0x00007fff28c21000 	/System/Library/PrivateFrameworks/XCTTargetBootstrap.framework/Versions/A/XCTTargetBootstrap
0x00007fff2b96d000 	/usr/lib/libspindump.dylib
0x00007fff23b3e000 	/System/Library/Frameworks/UniformTypeIdentifiers.framework/Versions/A/UniformTypeIdentifiers
0x00007fff273f8000 	/usr/lib/libapp_launch_measurement.dylib
0x00007fff273fb000 	/System/Library/PrivateFrameworks/CoreAutoLayout.framework/Versions/A/CoreAutoLayout
0x00007fff28583000 	/System/Library/Frameworks/Metal.framework/Versions/A/Metal
0x00007fff29276000 	/usr/lib/liblangid.dylib
0x00007fff28c25000 	/System/Library/PrivateFrameworks/CoreSVG.framework/Versions/A/CoreSVG
0x00007fff24b25000 	/System/Library/PrivateFrameworks/SkyLight.framework/Versions/A/SkyLight
0x00007fff24e8b000 	/System/Library/Frameworks/CoreGraphics.framework/Versions/A/CoreGraphics
0x00007fff304dc000 	/System/Library/Frameworks/Accelerate.framework/Versions/A/Accelerate
0x00007fff2b3a8000 	/System/Library/PrivateFrameworks/IconServices.framework/Versions/A/IconServices
0x00007fff28568000 	/System/Library/Frameworks/IOSurface.framework/Versions/A/IOSurface
0x00007fff263d5000 	/usr/lib/libDiagnosticMessagesClient.dylib
0x00007fff28c0d000 	/System/Library/PrivateFrameworks/DFRFoundation.framework/Versions/A/DFRFoundation
0x00007fff224b3000 	/usr/lib/libicucore.A.dylib
0x00007fff2cead000 	/System/Library/Frameworks/AudioToolbox.framework/Versions/A/AudioToolbox
0x00007fff2c153000 	/System/Library/PrivateFrameworks/DataDetectorsCore.framework/Versions/A/DataDetectorsCore
0x00007fff2890d000 	/System/Library/Frameworks/Carbon.framework/Versions/A/Frameworks/HIToolbox.framework/Versions/A/HIToolbox
0x00007fff26e50000 	/System/Library/Frameworks/QuartzCore.framework/Versions/A/QuartzCore
0x00007fff2fec1000 	/System/Library/Frameworks/Carbon.framework/Versions/A/Frameworks/SpeechRecognition.framework/Versions/A/SpeechRecognition
0x00007fff27160000 	/System/Library/PrivateFrameworks/CoreUI.framework/Versions/A/CoreUI
0x00007fff21abd000 	/System/Library/Frameworks/CoreAudio.framework/Versions/A/CoreAudio
0x00007fff264c0000 	/System/Library/Frameworks/DiskArbitration.framework/Versions/A/DiskArbitration
0x00007fff2bd67000 	/System/Library/PrivateFrameworks/MultitouchSupport.framework/Versions/A/MultitouchSupport
0x00007fff2c14a000 	/System/Library/PrivateFrameworks/InternationalSupport.framework/Versions/A/InternationalSupport
0x00007fff24a99000 	/usr/lib/libenergytrace.dylib
0x00007fff22a81000 	/System/Library/Frameworks/IOKit.framework/Versions/A/IOKit
0x00007fff3020e000 	/System/Library/Frameworks/CoreServices.framework/Versions/A/CoreServices
0x00007fff2738e000 	/System/Library/PrivateFrameworks/PerformanceAnalysis.framework/Versions/A/PerformanceAnalysis
0x00007fff6cb17000 	/System/Library/Frameworks/OpenGL.framework/Versions/A/OpenGL
0x00007fff2c1cf000 	/System/Library/PrivateFrameworks/UserActivity.framework/Versions/A/UserActivity
0x00007fff25545000 	/System/Library/Frameworks/ColorSync.framework/Versions/A/ColorSync
0x00007fff28e8d000 	/System/Library/Frameworks/CoreImage.framework/Versions/A/CoreImage
0x00007fff218d4000 	/System/Library/Frameworks/CoreText.framework/Versions/A/CoreText
0x00007fff28c4f000 	/System/Library/Frameworks/ImageIO.framework/Versions/A/ImageIO
0x00007fff2a6d6000 	/System/Library/PrivateFrameworks/SoftLinking.framework/Versions/A/SoftLinking
0x00007fff27444000 	/usr/lib/libxml2.2.dylib
0x00007fff202d9000 	/usr/lib/libc++.1.dylib
0x00007fff2a948000 	/usr/lib/libcompression.dylib
0x00007fff24a9a000 	/usr/lib/libMobileGestalt.dylib
0x00007fff2c07d000 	/System/Library/PrivateFrameworks/TextureIO.framework/Versions/A/TextureIO
0x00007fff2b035000 	/usr/lib/libate.dylib
0x00007fff2a6ca000 	/usr/lib/system/libcache.dylib
0x00007fff2a686000 	/usr/lib/system/libcommonCrypto.dylib
0x00007fff2a6b0000 	/usr/lib/system/libcompiler_rt.dylib
0x00007fff2a6a5000 	/usr/lib/system/libcopyfile.dylib
0x00007fff20102000 	/usr/lib/system/libcorecrypto.dylib
0x00007fff201ce000 	/usr/lib/system/libdispatch.dylib
0x00007fff20383000 	/usr/lib/system/libdyld.dylib
0x00007fff2a6c1000 	/usr/lib/system/libkeymgr.dylib
0x00007fff2dc5f000 	/usr/lib/system/liblaunch.dylib
0x00007fff2a664000 	/usr/lib/system/libmacho.dylib
0x00007fff29e7a000 	/usr/lib/system/libquarantine.dylib
0x00007fff2a6be000 	/usr/lib/system/libremovefile.dylib
0x00007fff24af6000 	/usr/lib/system/libsystem_asl.dylib
0x00007fff200b2000 	/usr/lib/system/libsystem_blocks.dylib
0x00007fff20250000 	/usr/lib/system/libsystem_c.dylib
0x00007fff2a6b8000 	/usr/lib/system/libsystem_collections.dylib
0x00007fff29267000 	/usr/lib/system/libsystem_configuration.dylib
0x00007fff28557000 	/usr/lib/system/libsystem_containermanager.dylib
0x00007fff2a3fc000 	/usr/lib/system/libsystem_coreservices.dylib
0x00007fff22715000 	/usr/lib/system/libsystem_darwin.dylib
0x00007fff2a6c2000 	/usr/lib/system/libsystem_dnssd.dylib
0x00007fff2024d000 	/usr/lib/system/libsystem_featureflags.dylib
0x00007fff203c8000 	/usr/lib/system/libsystem_info.dylib
0x00007fff2a617000 	/usr/lib/system/libsystem_m.dylib
0x00007fff201a1000 	/usr/lib/system/libsystem_malloc.dylib
0x00007fff24a8a000 	/usr/lib/system/libsystem_networkextension.dylib
0x00007fff22b2f000 	/usr/lib/system/libsystem_notify.dylib
0x00007fff3010c000 	/usr/lib/system/libsystem_product_info_filter.dylib
0x00007fff2926b000 	/usr/lib/system/libsystem_sandbox.dylib
0x00007fff2a6bb000 	/usr/lib/system/libsystem_secinit.dylib
0x00007fff20348000 	/usr/lib/system/libsystem_kernel.dylib
0x00007fff203be000 	/usr/lib/system/libsystem_platform.dylib
0x00007fff20377000 	/usr/lib/system/libsystem_pthread.dylib
0x00007fff26223000 	/usr/lib/system/libsystem_symptoms.dylib
0x00007fff200ea000 	/usr/lib/system/libsystem_trace.dylib
0x00007fff2a692000 	/usr/lib/system/libunwind.dylib
0x00007fff200b4000 	/usr/lib/system/libxpc.dylib
0x00007fff2032f000 	/usr/lib/libc++abi.dylib
0x00007fff2a69d000 	/usr/lib/liboah.dylib
0x00007fff2ad61000 	/usr/lib/liblzma.5.dylib
0x00007fff20dea000 	/System/Library/Frameworks/SystemConfiguration.framework/Versions/A/SystemConfiguration
0x00007fff2a6d2000 	/usr/lib/libfakelink.dylib
0x00007fff245ec000 	/System/Library/Frameworks/CFNetwork.framework/Versions/A/CFNetwork
0x00007fff2a812000 	/usr/lib/libarchive.2.dylib
0x00007fff20e68000 	/usr/lib/libCRFSuite.dylib
0x00007fff29ea1000 	/usr/lib/libbsm.0.dylib
0x00007fff23fa8000 	/usr/lib/libnetwork.dylib
0x00007fff2a6d7000 	/usr/lib/libpcap.A.dylib
0x00007fff2621c000 	/usr/lib/libdns_services.dylib
0x00007fff2ad7a000 	/usr/lib/libcoretls_cfhelpers.dylib
0x00007fff2a916000 	/usr/lib/libapple_nghttp2.dylib
0x00007fff2a66a000 	/usr/lib/system/libkxld.dylib
0x00007fff25e8a000 	/usr/lib/libsqlite3.dylib
0x00007fff2a3de000 	/System/Library/PrivateFrameworks/AppleFSCompression.framework/Versions/A/AppleFSCompression
0x00007fff29e89000 	/usr/lib/libcoretls.dylib
0x00007fff2a943000 	/usr/lib/libpam.2.dylib
0x00007fff2ae76000 	/usr/lib/libxar.1.dylib
0x00007fff29272000 	/System/Library/PrivateFrameworks/AppleSystemInfo.framework/Versions/A/AppleSystemInfo
0x00007fff29acc000 	/System/Library/PrivateFrameworks/IOMobileFramebuffer.framework/Versions/A/IOMobileFramebuffer
0x00007fff2a3ee000 	/usr/lib/libbz2.1.0.dylib
0x00007fff2a70f000 	/usr/lib/libiconv.2.dylib
0x00007fff2a663000 	/usr/lib/libcharset.1.dylib
0x00007fff273ca000 	/System/Library/Frameworks/CoreServices.framework/Versions/A/Frameworks/FSEvents.framework/Versions/A/FSEvents
0x00007fff2271f000 	/System/Library/Frameworks/CoreServices.framework/Versions/A/Frameworks/CarbonCore.framework/Versions/A/CarbonCore
0x00007fff26425000 	/System/Library/Frameworks/CoreServices.framework/Versions/A/Frameworks/Metadata.framework/Versions/A/Metadata
0x00007fff2a401000 	/System/Library/Frameworks/CoreServices.framework/Versions/A/Frameworks/OSServices.framework/Versions/A/OSServices
0x00007fff2a884000 	/System/Library/Frameworks/CoreServices.framework/Versions/A/Frameworks/SearchKit.framework/Versions/A/SearchKit
0x00007fff261a6000 	/System/Library/Frameworks/CoreServices.framework/Versions/A/Frameworks/AE.framework/Versions/A/AE
0x00007fff20890000 	/System/Library/Frameworks/CoreServices.framework/Versions/A/Frameworks/LaunchServices.framework/Versions/A/LaunchServices
0x00007fff2ad12000 	/System/Library/Frameworks/CoreServices.framework/Versions/A/Frameworks/DictionaryServices.framework/Versions/A/DictionaryServices
0x00007fff273d3000 	/System/Library/Frameworks/CoreServices.framework/Versions/A/Frameworks/SharedFileList.framework/Versions/A/SharedFileList
0x00007fff29e7d000 	/usr/lib/libCheckFix.dylib
0x00007fff24b0d000 	/System/Library/PrivateFrameworks/TCC.framework/Versions/A/TCC
0x00007fff29278000 	/System/Library/PrivateFrameworks/CoreNLP.framework/Versions/A/CoreNLP
0x00007fff263d8000 	/System/Library/PrivateFrameworks/MetadataUtilities.framework/Versions/A/MetadataUtilities
0x00007fff20e9e000 	/usr/lib/libmecabra.dylib
0x00007fff2a191000 	/System/Library/Frameworks/MLCompute.framework/Versions/A/MLCompute
0x00007fff29eb2000 	/usr/lib/libmecab.dylib
0x00007fff29efc000 	/usr/lib/libgermantok.dylib
0x00007fff2a8ec000 	/usr/lib/libThaiTokenizer.dylib
0x00007fff2aeb1000 	/usr/lib/libChineseTokenizer.dylib
0x00007fff2a941000 	/System/Library/Frameworks/MetalPerformanceShaders.framework/Versions/A/MetalPerformanceShaders
0x00007fff264c7000 	/System/Library/Frameworks/Accelerate.framework/Versions/A/Frameworks/vImage.framework/Versions/A/vImage
0x00007fff301e7000 	/System/Library/Frameworks/Accelerate.framework/Versions/A/Frameworks/vecLib.framework/Versions/A/vecLib
0x00007fff2aebc000 	/System/Library/Frameworks/Accelerate.framework/Versions/A/Frameworks/vecLib.framework/Versions/A/libvMisc.dylib
0x00007fff29928000 	/System/Library/Frameworks/Accelerate.framework/Versions/A/Frameworks/vecLib.framework/Versions/A/libvDSP.dylib
0x00007fff20b94000 	/System/Library/Frameworks/Accelerate.framework/Versions/A/Frameworks/vecLib.framework/Versions/A/libBLAS.dylib
0x00007fff2a967000 	/System/Library/Frameworks/Accelerate.framework/Versions/A/Frameworks/vecLib.framework/Versions/A/libLAPACK.dylib
0x00007fff29f02000 	/System/Library/Frameworks/Accelerate.framework/Versions/A/Frameworks/vecLib.framework/Versions/A/libLinearAlgebra.dylib
0x00007fff2a92e000 	/System/Library/Frameworks/Accelerate.framework/Versions/A/Frameworks/vecLib.framework/Versions/A/libSparseBLAS.dylib
0x00007fff2a961000 	/System/Library/Frameworks/Accelerate.framework/Versions/A/Frameworks/vecLib.framework/Versions/A/libQuadrature.dylib
0x00007fff29320000 	/System/Library/Frameworks/Accelerate.framework/Versions/A/Frameworks/vecLib.framework/Versions/A/libBNNS.dylib
0x00007fff20d7b000 	/System/Library/Frameworks/Accelerate.framework/Versions/A/Frameworks/vecLib.framework/Versions/A/libSparse.dylib
0x00007fff2920b000 	/System/Library/Frameworks/MetalPerformanceShaders.framework/Versions/A/Frameworks/MPSCore.framework/Versions/A/MPSCore
0x00007fff2a34d000 	/System/Library/Frameworks/MetalPerformanceShaders.framework/Versions/A/Frameworks/MPSImage.framework/Versions/A/MPSImage
0x00007fff29f19000 	/System/Library/Frameworks/MetalPerformanceShaders.framework/Versions/A/Frameworks/MPSNeuralNetwork.framework/Versions/A/MPSNeuralNetwork
0x00007fff2a2d8000 	/System/Library/Frameworks/MetalPerformanceShaders.framework/Versions/A/Frameworks/MPSMatrix.framework/Versions/A/MPSMatrix
0x00007fff2a141000 	/System/Library/Frameworks/MetalPerformanceShaders.framework/Versions/A/Frameworks/MPSRayIntersector.framework/Versions/A/MPSRayIntersector
0x00007fff2a30f000 	/System/Library/Frameworks/MetalPerformanceShaders.framework/Versions/A/Frameworks/MPSNDArray.framework/Versions/A/MPSNDArray
0x00007fff20ac0000 	/System/Library/PrivateFrameworks/MetalTools.framework/Versions/A/MetalTools
0x00007fff29270000 	/System/Library/PrivateFrameworks/AggregateDictionary.framework/Versions/A/AggregateDictionary
0x00007fff263b0000 	/System/Library/PrivateFrameworks/CoreAnalytics.framework/Versions/A/CoreAnalytics
0x00007fff2a8ee000 	/System/Library/PrivateFrameworks/AppleSauce.framework/Versions/A/AppleSauce
0x00007fff2857a000 	/System/Library/PrivateFrameworks/IOAccelerator.framework/Versions/A/IOAccelerator
0x00007fff6cb0b000 	/System/Library/Frameworks/OpenGL.framework/Versions/A/Libraries/libCoreFSCache.dylib
0x00007fff2143a000 	/System/Library/PrivateFrameworks/LanguageModeling.framework/Versions/A/LanguageModeling
0x00007fff29ab9000 	/System/Library/PrivateFrameworks/CoreEmoji.framework/Versions/A/CoreEmoji
0x00007fff29319000 	/System/Library/PrivateFrameworks/LinguisticData.framework/Versions/A/LinguisticData
0x00007fff20d2d000 	/System/Library/PrivateFrameworks/Lexicon.framework/Versions/A/Lexicon
0x00007fff2a800000 	/usr/lib/libcmph.dylib
0x00007fff273aa000 	/System/Library/Frameworks/OpenDirectory.framework/Versions/A/Frameworks/CFOpenDirectory.framework/Versions/A/CFOpenDirectory
0x00007fff2739a000 	/System/Library/Frameworks/OpenDirectory.framework/Versions/A/OpenDirectory
0x00007fff2ad7c000 	/System/Library/PrivateFrameworks/APFS.framework/Versions/A/APFS
0x00007fff29dde000 	/System/Library/Frameworks/SecurityFoundation.framework/Versions/A/SecurityFoundation
0x00007fff2ae84000 	/usr/lib/libutil.dylib
0x00007fff22a46000 	/System/Library/PrivateFrameworks/CoreServicesStore.framework/Versions/A/CoreServicesStore
0x00007fff29e75000 	/System/Library/Frameworks/ServiceManagement.framework/Versions/A/ServiceManagement
0x00007fff2ae88000 	/usr/lib/libxslt.1.dylib
0x00007fff29e6b000 	/System/Library/PrivateFrameworks/BackgroundTaskManagement.framework/Versions/A/BackgroundTaskManagement
0x00007fff2bfc8000 	/System/Library/Frameworks/ImageIO.framework/Versions/A/Resources/libRadiance.dylib
0x00007fff2bfd1000 	/System/Library/Frameworks/ImageIO.framework/Versions/A/Resources/libJPEG.dylib
0x00007fff2bf21000 	/System/Library/Frameworks/ImageIO.framework/Versions/A/Resources/libPng.dylib
0x00007fff2bf48000 	/System/Library/Frameworks/ImageIO.framework/Versions/A/Resources/libTIFF.dylib
0x00007fff2c026000 	/System/Library/Frameworks/ImageIO.framework/Versions/A/Resources/libGIF.dylib
0x00007fff2bc85000 	/System/Library/Frameworks/ImageIO.framework/Versions/A/Resources/libJP2.dylib
0x00007fff2b36f000 	/usr/lib/libexpat.1.dylib
0x00007fff2bc3a000 	/System/Library/PrivateFrameworks/AppleJPEG.framework/Versions/A/AppleJPEG
0x00007fff287b0000 	/System/Library/PrivateFrameworks/FontServices.framework/libFontParser.dylib
0x00007fff2615a000 	/System/Library/PrivateFrameworks/RunningBoardServices.framework/Versions/A/RunningBoardServices
0x00007fff2bd63000 	/System/Library/PrivateFrameworks/WatchdogClient.framework/Versions/A/WatchdogClient
0x00007fff21527000 	/System/Library/Frameworks/CoreDisplay.framework/Versions/A/CoreDisplay
0x00007fff286c6000 	/System/Library/Frameworks/CoreMedia.framework/Versions/A/CoreMedia
0x00007fff27527000 	/System/Library/Frameworks/CoreVideo.framework/Versions/A/CoreVideo
0x00007fff2bd9b000 	/System/Library/Frameworks/VideoToolbox.framework/Versions/A/VideoToolbox
0x00007fff260d8000 	/System/Library/PrivateFrameworks/BaseBoard.framework/Versions/A/BaseBoard
0x00007fff2b4b4000 	/System/Library/PrivateFrameworks/PersistentConnection.framework/Versions/A/PersistentConnection
0x00007fff25e73000 	/System/Library/PrivateFrameworks/ProtocolBuffer.framework/Versions/A/ProtocolBuffer
0x00007fff260bf000 	/System/Library/PrivateFrameworks/CommonUtilities.framework/Versions/A/CommonUtilities
0x00007fff2bbcf000 	/System/Library/PrivateFrameworks/Bom.framework/Versions/A/Bom
0x00007fff2bfc1000 	/System/Library/PrivateFrameworks/GPUWrangler.framework/Versions/A/GPUWrangler
0x00007fff2bfa6000 	/System/Library/PrivateFrameworks/IOPresentment.framework/Versions/A/IOPresentment
0x00007fff2bfcb000 	/System/Library/PrivateFrameworks/DSExternalDisplay.framework/Versions/A/DSExternalDisplay
0x00007fff2c02b000 	/System/Library/PrivateFrameworks/CMCaptureCore.framework/Versions/A/CMCaptureCore
0x00007fff2b954000 	/System/Library/PrivateFrameworks/AppServerSupport.framework/Versions/A/AppServerSupport
0x00007fff2d9fe000 	/System/Library/PrivateFrameworks/perfdata.framework/Versions/A/perfdata
0x00007fff29dcd000 	/System/Library/PrivateFrameworks/AssertionServices.framework/Versions/A/AssertionServices
0x00007fff2165e000 	/System/Library/PrivateFrameworks/AudioToolboxCore.framework/Versions/A/AudioToolboxCore
0x00007fff286a9000 	/System/Library/PrivateFrameworks/caulk.framework/Versions/A/caulk
0x00007fff3d68b000 	/System/Library/PrivateFrameworks/SystemPolicy.framework/Versions/A/SystemPolicy
0x00007fff2b164000 	/usr/lib/libIOReport.dylib
0x00007fff2d220000 	/usr/lib/libSMC.dylib
0x00007fff2beee000 	/usr/lib/libAudioToolboxUtility.dylib
0x00007fff3dff5000 	/usr/lib/libmis.dylib
0x00007fff6cb67000 	/System/Library/Frameworks/OpenGL.framework/Versions/A/Libraries/libGLU.dylib
0x00007fff6cb2a000 	/System/Library/Frameworks/OpenGL.framework/Versions/A/Libraries/libGFXShared.dylib
0x00007fff6cd39000 	/System/Library/Frameworks/OpenGL.framework/Versions/A/Libraries/libGL.dylib
0x00007fff6cb33000 	/System/Library/Frameworks/OpenGL.framework/Versions/A/Libraries/libGLImage.dylib
0x00007fff6cb27000 	/System/Library/Frameworks/OpenGL.framework/Versions/A/Libraries/libCVMSPluginSupport.dylib
0x00007fff6cb12000 	/System/Library/Frameworks/OpenGL.framework/Versions/A/Libraries/libCoreVMClient.dylib
0x00007fff6e17a000 	/System/Library/Frameworks/OpenCL.framework/Versions/A/OpenCL
0x00007fff2b4de000 	/System/Library/PrivateFrameworks/GraphVisualizer.framework/Versions/A/GraphVisualizer
0x00007fff2b4ed000 	/System/Library/PrivateFrameworks/FaceCore.framework/Versions/A/FaceCore
0x00007fff2b909000 	/System/Library/PrivateFrameworks/OTSVG.framework/Versions/A/OTSVG
0x00007fff2711e000 	/System/Library/Frameworks/ApplicationServices.framework/Versions/A/Frameworks/ATS.framework/Versions/A/Resources/libFontRegistry.dylib
0x00007fff2b95b000 	/System/Library/PrivateFrameworks/FontServices.framework/libhvf.dylib
0x00007fff2b31b000 	/System/Library/PrivateFrameworks/AppleVA.framework/Versions/A/AppleVA
0x00007fff2d069000 	/System/Library/Frameworks/ApplicationServices.framework/Versions/A/Frameworks/ATS.framework/Versions/A/ATS
0x00007fff2d37b000 	/System/Library/Frameworks/ApplicationServices.framework/Versions/A/Frameworks/ColorSyncLegacy.framework/Versions/A/ColorSyncLegacy
0x00007fff2563c000 	/System/Library/Frameworks/ApplicationServices.framework/Versions/A/Frameworks/HIServices.framework/Versions/A/HIServices
0x00007fff2d360000 	/System/Library/Frameworks/ApplicationServices.framework/Versions/A/Frameworks/LangAnalysis.framework/Versions/A/LangAnalysis
0x00007fff2c035000 	/System/Library/Frameworks/ApplicationServices.framework/Versions/A/Frameworks/PrintCore.framework/Versions/A/PrintCore
0x00007fff2d383000 	/System/Library/Frameworks/ApplicationServices.framework/Versions/A/Frameworks/QD.framework/Versions/A/QD
0x00007fff2d059000 	/System/Library/Frameworks/ApplicationServices.framework/Versions/A/Frameworks/SpeechSynthesis.framework/Versions/A/SpeechSynthesis
0x00007fff2bff6000 	/System/Library/Frameworks/ApplicationServices.framework/Versions/A/Frameworks/ATSUI.framework/Versions/A/ATSUI
0x00007fff2d300000 	/usr/lib/libcups.2.dylib
0x00007fff2d370000 	/System/Library/PrivateFrameworks/NetAuth.framework/Versions/A/NetAuth
0x00007fff2da1a000 	/System/Library/Frameworks/Kerberos.framework/Versions/A/Kerberos
0x00007fff2da2a000 	/System/Library/Frameworks/GSS.framework/Versions/A/GSS
0x00007fff2d0d5000 	/usr/lib/libresolv.9.dylib
0x00007fff2b970000 	/System/Library/PrivateFrameworks/Heimdal.framework/Versions/A/Heimdal
0x00007fff337a1000 	/System/Library/Frameworks/Kerberos.framework/Versions/A/Libraries/libHeimdalProxy.dylib
0x00007fff2622b000 	/System/Library/Frameworks/Network.framework/Versions/A/Network
0x00007fff2b389000 	/usr/lib/libheimdal-asn1.dylib
0x00007fff2da7a000 	/System/Library/PrivateFrameworks/CommonAuth.framework/Versions/A/CommonAuth
0x00007fff27574000 	/System/Library/PrivateFrameworks/login.framework/Versions/A/Frameworks/loginsupport.framework/Versions/A/loginsupport
0x00007fff2cfde000 	/System/Library/PrivateFrameworks/AudioSession.framework/Versions/A/AudioSession
0x00007fff2d046000 	/usr/lib/libAudioStatistics.dylib
0x00007fff2b416000 	/System/Library/PrivateFrameworks/MediaExperience.framework/Versions/A/MediaExperience
0x00007fff2ce7b000 	/System/Library/PrivateFrameworks/AudioSession.framework/libSessionUtility.dylib
0x00007fff2da0b000 	/usr/lib/libperfcheck.dylib
0x00007fff2d38f000 	/System/Library/PrivateFrameworks/AudioResourceArbitration.framework/Versions/A/AudioResourceArbitration
0x00007fff2b393000 	/System/Library/PrivateFrameworks/IconFoundation.framework/Versions/A/IconFoundation
0x00007fff2feb1000 	/System/Library/PrivateFrameworks/SpeechRecognitionCore.framework/Versions/A/SpeechRecognitionCore
0x000000010f800000 	/Library/Java/JavaVirtualMachines/jdk1.8.0_281.jdk/Contents/Home/jre/lib/server/libjvm.dylib
0x000000010b094000 	/Library/Java/JavaVirtualMachines/jdk1.8.0_281.jdk/Contents/Home/jre/lib/libverify.dylib
0x000000010b0ba000 	/Library/Java/JavaVirtualMachines/jdk1.8.0_281.jdk/Contents/Home/jre/lib/libjava.dylib
0x000000010b133000 	/Library/Java/JavaVirtualMachines/jdk1.8.0_281.jdk/Contents/Home/jre/lib/libinstrument.dylib
0x000000010b1d7000 	/Library/Java/JavaVirtualMachines/jdk1.8.0_281.jdk/Contents/Home/jre/lib/libzip.dylib
0x000000012c3c5000 	/Library/Java/JavaVirtualMachines/jdk1.8.0_281.jdk/Contents/Home/jre/lib/libnet.dylib
0x000000012c476000 	/Library/Java/JavaVirtualMachines/jdk1.8.0_281.jdk/Contents/Home/jre/lib/libmanagement.dylib
0x000000012c4cd000 	/Library/Java/JavaVirtualMachines/jdk1.8.0_281.jdk/Contents/Home/jre/lib/libnio.dylib

VM Arguments:
jvm_args: -XX:TieredStopAtLevel=1 -Xverify:none -Dspring.output.ansi.enabled=always -javaagent:/Applications/IntelliJ IDEA.app/Contents/lib/idea_rt.jar=49491:/Applications/IntelliJ IDEA.app/Contents/bin -Dcom.sun.management.jmxremote -Dspring.jmx.enabled=true -Dspring.liveBeansView.mbeanDomain -Dspring.application.admin.enabled=true -Dfile.encoding=UTF-8 
java_command: se.atg.service.harrykart.HarryKartApplication
java_class_path (initial): /Library/Java/JavaVirtualMachines/jdk1.8.0_281.jdk/Contents/Home/jre/lib/charsets.jar:/Library/Java/JavaVirtualMachines/jdk1.8.0_281.jdk/Contents/Home/jre/lib/deploy.jar:/Library/Java/JavaVirtualMachines/jdk1.8.0_281.jdk/Contents/Home/jre/lib/ext/cldrdata.jar:/Library/Java/JavaVirtualMachines/jdk1.8.0_281.jdk/Contents/Home/jre/lib/ext/dnsns.jar:/Library/Java/JavaVirtualMachines/jdk1.8.0_281.jdk/Contents/Home/jre/lib/ext/jaccess.jar:/Library/Java/JavaVirtualMachines/jdk1.8.0_281.jdk/Contents/Home/jre/lib/ext/jfxrt.jar:/Library/Java/JavaVirtualMachines/jdk1.8.0_281.jdk/Contents/Home/jre/lib/ext/localedata.jar:/Library/Java/JavaVirtualMachines/jdk1.8.0_281.jdk/Contents/Home/jre/lib/ext/nashorn.jar:/Library/Java/JavaVirtualMachines/jdk1.8.0_281.jdk/Contents/Home/jre/lib/ext/sunec.jar:/Library/Java/JavaVirtualMachines/jdk1.8.0_281.jdk/Contents/Home/jre/lib/ext/sunjce_provider.jar:/Library/Java/JavaVirtualMachines/jdk1.8.0_281.jdk/Contents/Home/jre/lib/ext/sunpkcs11.jar:/Library/Java/JavaVirtualMachines/jdk1.8.0_281.jdk/Contents/Home/jre/lib/ext/zipfs.jar:/Library/Java/JavaVirtualMachines/jdk1.8.0_281.jdk/Contents/Home/jre/lib/javaws.jar:/Library/Java/JavaVirtualMachines/jdk1.8.0_281.jdk/Contents/Home/jre/lib/jce.jar:/Library/Java/JavaVirtualMachines/jdk1.8.0_281.jdk/Contents/Home/jre/lib/jfr.jar:/Library/Java/JavaVirtualMachines/jdk1.8.0_281.jdk/Contents/Home/jre/lib/jfxswt.jar:/Library/Java/JavaVirtualMachines/jdk1.8.0_281.jdk/Contents/Home/jre/lib/jsse.jar:/Library/Java/JavaVirtualMachines/jdk1.8.0_281.jdk/Contents/Home/jre/lib/management-agent.jar:/Library/Java/JavaVirtualMachines/jdk1.8.0_281.jdk/Contents/Home/jre/lib/plugin.jar:/Library/Java/JavaVirtualMachines/jdk1.8.0_281.jdk/Contents/Home/jre/lib/resources.jar:/Library/Java/JavaVirtualMachines/jdk1.8.0_281.jdk/Contents/Home/jre/lib/rt.jar:/Library/Java/JavaVirtualMachines/jdk1.8.0_281.jdk/Contents/Home/lib/ant-javafx.jar:/Library/Java/JavaVirtualMachines/jdk1.8.0_281.jdk/Contents/Home
Launcher Type: SUN_STANDARD

Environment Variables:
PATH=/usr/local/bin:/usr/bin:/bin:/usr/sbin:/sbin:/Library/Apple/usr/bin
SHELL=/bin/zsh

Signal Handlers:
SIGSEGV: [libjvm.dylib+0x5a1f9b], sa_mask[0]=11111111111111111111111111111111, sa_flags=SA_ONSTACK|SA_RESTART|SA_SIGINFO
SIGBUS: [libjvm.dylib+0x5a1f9b], sa_mask[0]=11111111111111111111111111111111, sa_flags=SA_RESTART|SA_SIGINFO
SIGFPE: [libjvm.dylib+0x492701], sa_mask[0]=11111111111111111111111111111111, sa_flags=SA_RESTART|SA_SIGINFO
SIGPIPE: [libjvm.dylib+0x492701], sa_mask[0]=11111111111111111111111111111111, sa_flags=SA_RESTART|SA_SIGINFO
SIGXFSZ: [libjvm.dylib+0x492701], sa_mask[0]=11111111111111111111111111111111, sa_flags=SA_RESTART|SA_SIGINFO
SIGILL: [libjvm.dylib+0x492701], sa_mask[0]=11111111111111111111111111111111, sa_flags=SA_RESTART|SA_SIGINFO
SIGUSR1: SIG_DFL, sa_mask[0]=00000000000000000000000000000000, sa_flags=none
SIGUSR2: [libjvm.dylib+0x492ffa], sa_mask[0]=00100000000000000000000000000000, sa_flags=SA_RESTART|SA_SIGINFO
SIGHUP: [libjvm.dylib+0x491209], sa_mask[0]=11111111111111111111111111111111, sa_flags=SA_RESTART|SA_SIGINFO
SIGINT: [libjvm.dylib+0x491209], sa_mask[0]=11111111111111111111111111111111, sa_flags=SA_RESTART|SA_SIGINFO
SIGTERM: [libjvm.dylib+0x491209], sa_mask[0]=11111111111111111111111111111111, sa_flags=SA_RESTART|SA_SIGINFO
SIGQUIT: [libjvm.dylib+0x491209], sa_mask[0]=11111111111111111111111111111111, sa_flags=SA_RESTART|SA_SIGINFO


---------------  S Y S T E M  ---------------

OS:Bsduname:Darwin 20.2.0 Darwin Kernel Version 20.2.0: Wed Dec  2 20:40:21 PST 2020; root:xnu-7195.60.75~1/RELEASE_ARM64_T8101 x86_64
rlimit: STACK 8176k, CORE 0k, NPROC 2666, NOFILE 10240, AS infinity
load average:1.78 1.62 1.53

CPU:total 8 (initial active 8) (1 cores per cpu, 1 threads per core) family 6 model 44 stepping 0, cmov, cx8, fxsr, mmx, sse, sse2, sse3, ssse3, sse4.1, sse4.2, popcnt, aes, clmul, tsc, tscinvbit, tscinv

Memory: 4k page, physical 16777216k(933588k free)

/proc/meminfo:


vm_info: Java HotSpot(TM) 64-Bit Server VM (25.281-b09) for bsd-amd64 JRE (1.8.0_281-b09), built on Dec  9 2020 12:44:49 by "java_re" with gcc 4.2.1 Compatible Apple LLVM 10.0.0 (clang-1000.11.45.5)

time: Sat Mar 27 13:44:05 2021
timezone: CET
elapsed time: 7.694379 seconds (0d 0h 0m 7s)

